0 verbose cli /usr/local/bin/node /usr/local/bin/npm
1 info using npm@11.6.4
2 info using node@v22.18.0
3 silly config load:file:/usr/local/lib/node_modules/npm/npmrc
4 silly config load:file:/Users/amaury/Desktop/simplon-manage-api/simplon-manage-api/frontend/.npmrc
5 silly config load:file:/Users/amaury/.npmrc
6 silly config load:file:/usr/local/etc/npmrc
7 verbose title npm install radix-ui
8 verbose argv "install" "radix-ui"
9 verbose logfile logs-max:10 dir:/Users/amaury/Desktop/simplon-manage-api/simplon-manage-api/frontend/.npm-cache/_logs/2026-02-26T16_45_42_365Z-
10 verbose logfile /Users/amaury/Desktop/simplon-manage-api/simplon-manage-api/frontend/.npm-cache/_logs/2026-02-26T16_45_42_365Z-debug-0.log
11 silly logfile done cleaning log files
12 silly packumentCache heap:4345298944 maxSize:1086324736 maxEntrySize:543162368
13 silly idealTree buildDeps
14 silly fetch manifest radix-ui@^1.4.3
15 silly packumentCache full:https://registry.npmjs.org/radix-ui cache-miss
16 http cache https://registry.npmjs.org/radix-ui 49ms (cache hit)
17 silly packumentCache full:https://registry.npmjs.org/radix-ui set size:582740 disposed:false
18 silly fetch manifest @types/react@^19
19 silly packumentCache full:https://registry.npmjs.org/@types%2freact cache-miss
20 http cache https://registry.npmjs.org/@types%2freact 3ms (cache hit)
21 silly packumentCache full:https://registry.npmjs.org/@types%2freact set size:2588986 disposed:false
22 silly fetch manifest @types/react-dom@^19
23 silly packumentCache full:https://registry.npmjs.org/@types%2freact-dom cache-miss
24 http cache https://registry.npmjs.org/@types%2freact-dom 2ms (cache hit)
25 silly packumentCache full:https://registry.npmjs.org/@types%2freact-dom set size:429026 disposed:false
26 silly fetch manifest react@19.2.3
27 silly packumentCache full:https://registry.npmjs.org/react cache-miss
28 http cache https://registry.npmjs.org/react 5ms (cache hit)
29 silly packumentCache full:https://registry.npmjs.org/react set size:6519872 disposed:false
30 silly fetch manifest react-dom@19.2.3
31 silly packumentCache full:https://registry.npmjs.org/react-dom cache-miss
32 http cache https://registry.npmjs.org/react-dom 10ms (cache hit)
33 silly packumentCache full:https://registry.npmjs.org/react-dom set size:8644634 disposed:false
34 silly placeDep ROOT radix-ui@1.4.3 REPLACE for: frontend@0.1.0 want: ^1.4.3
35 silly reify moves {}
36 silly audit bulk request {
36 silly audit   '@alloc/quick-lru': [ '5.2.0' ],
36 silly audit   '@antfu/ni': [ '25.0.0' ],
36 silly audit   '@babel/code-frame': [ '7.29.0' ],
36 silly audit   '@babel/compat-data': [ '7.29.0' ],
36 silly audit   '@babel/core': [ '7.29.0' ],
36 silly audit   '@babel/generator': [ '7.29.1' ],
36 silly audit   '@babel/helper-annotate-as-pure': [ '7.27.3' ],
36 silly audit   '@babel/helper-compilation-targets': [ '7.28.6' ],
36 silly audit   '@babel/helper-create-class-features-plugin': [ '7.28.6' ],
36 silly audit   '@babel/helper-globals': [ '7.28.0' ],
36 silly audit   '@babel/helper-member-expression-to-functions': [ '7.28.5' ],
36 silly audit   '@babel/helper-module-imports': [ '7.28.6' ],
36 silly audit   '@babel/helper-module-transforms': [ '7.28.6' ],
36 silly audit   '@babel/helper-optimise-call-expression': [ '7.27.1' ],
36 silly audit   '@babel/helper-plugin-utils': [ '7.28.6' ],
36 silly audit   '@babel/helper-replace-supers': [ '7.28.6' ],
36 silly audit   '@babel/helper-skip-transparent-expression-wrappers': [ '7.27.1' ],
36 silly audit   '@babel/helper-string-parser': [ '7.27.1' ],
36 silly audit   '@babel/helper-validator-identifier': [ '7.28.5' ],
36 silly audit   '@babel/helper-validator-option': [ '7.27.1' ],
36 silly audit   '@babel/helpers': [ '7.28.6' ],
36 silly audit   '@babel/parser': [ '7.29.0' ],
36 silly audit   '@babel/plugin-syntax-jsx': [ '7.28.6' ],
36 silly audit   '@babel/plugin-syntax-typescript': [ '7.28.6' ],
36 silly audit   '@babel/plugin-transform-modules-commonjs': [ '7.28.6' ],
36 silly audit   '@babel/plugin-transform-typescript': [ '7.28.6' ],
36 silly audit   '@babel/preset-typescript': [ '7.28.5' ],
36 silly audit   '@babel/template': [ '7.28.6' ],
36 silly audit   '@babel/traverse': [ '7.29.0' ],
36 silly audit   '@babel/types': [ '7.29.0' ],
36 silly audit   '@dotenvx/dotenvx': [ '1.52.0' ],
36 silly audit   commander: [ '11.1.0', '14.0.3' ],
36 silly audit   execa: [ '5.1.1', '9.6.1' ],
36 silly audit   'get-stream': [ '6.0.1', '9.0.1' ],
36 silly audit   'human-signals': [ '2.1.0', '8.0.1' ],
36 silly audit   'is-stream': [ '2.0.1', '4.0.1' ],
36 silly audit   isexe: [ '3.1.5', '2.0.0' ],
36 silly audit   'npm-run-path': [ '4.0.1', '6.0.0' ],
36 silly audit   onetime: [ '5.1.2', '7.0.0' ],
36 silly audit   'signal-exit': [ '3.0.7', '4.1.0' ],
36 silly audit   'strip-final-newline': [ '2.0.0', '4.0.0' ],
36 silly audit   which: [ '4.0.0', '2.0.2' ],
36 silly audit   '@ecies/ciphers': [ '0.2.5' ],
36 silly audit   '@emnapi/core': [ '1.8.1' ],
36 silly audit   '@emnapi/runtime': [ '1.8.1' ],
36 silly audit   '@emnapi/wasi-threads': [ '1.1.0' ],
36 silly audit   '@eslint-community/eslint-utils': [ '4.9.1' ],
36 silly audit   'eslint-visitor-keys': [ '3.4.3', '5.0.1', '4.2.1' ],
36 silly audit   '@eslint-community/regexpp': [ '4.12.2' ],
36 silly audit   '@eslint/config-array': [ '0.21.1' ],
36 silly audit   '@eslint/config-helpers': [ '0.4.2' ],
36 silly audit   '@eslint/core': [ '0.17.0' ],
36 silly audit   '@eslint/eslintrc': [ '3.3.4' ],
36 silly audit   '@eslint/js': [ '9.39.3' ],
36 silly audit   '@eslint/object-schema': [ '2.1.7' ],
36 silly audit   '@eslint/plugin-kit': [ '0.4.1' ],
36 silly audit   '@floating-ui/core': [ '1.7.4' ],
36 silly audit   '@floating-ui/dom': [ '1.7.5' ],
36 silly audit   '@floating-ui/react-dom': [ '2.1.7' ],
36 silly audit   '@floating-ui/utils': [ '0.2.10' ],
36 silly audit   '@hono/node-server': [ '1.19.9' ],
36 silly audit   '@humanfs/core': [ '0.19.1' ],
36 silly audit   '@humanfs/node': [ '0.16.7' ],
36 silly audit   '@humanwhocodes/module-importer': [ '1.0.1' ],
36 silly audit   '@humanwhocodes/retry': [ '0.4.3' ],
36 silly audit   '@img/colour': [ '1.0.0' ],
36 silly audit   '@img/sharp-darwin-arm64': [ '0.34.5' ],
36 silly audit   '@img/sharp-darwin-x64': [ '0.34.5' ],
36 silly audit   '@img/sharp-libvips-darwin-arm64': [ '1.2.4' ],
36 silly audit   '@img/sharp-libvips-darwin-x64': [ '1.2.4' ],
36 silly audit   '@img/sharp-libvips-linux-arm': [ '1.2.4' ],
36 silly audit   '@img/sharp-libvips-linux-arm64': [ '1.2.4' ],
36 silly audit   '@img/sharp-libvips-linux-ppc64': [ '1.2.4' ],
36 silly audit   '@img/sharp-libvips-linux-riscv64': [ '1.2.4' ],
36 silly audit   '@img/sharp-libvips-linux-s390x': [ '1.2.4' ],
36 silly audit   '@img/sharp-libvips-linux-x64': [ '1.2.4' ],
36 silly audit   '@img/sharp-libvips-linuxmusl-arm64': [ '1.2.4' ],
36 silly audit   '@img/sharp-libvips-linuxmusl-x64': [ '1.2.4' ],
36 silly audit   '@img/sharp-linux-arm': [ '0.34.5' ],
36 silly audit   '@img/sharp-linux-arm64': [ '0.34.5' ],
36 silly audit   '@img/sharp-linux-ppc64': [ '0.34.5' ],
36 silly audit   '@img/sharp-linux-riscv64': [ '0.34.5' ],
36 silly audit   '@img/sharp-linux-s390x': [ '0.34.5' ],
36 silly audit   '@img/sharp-linux-x64': [ '0.34.5' ],
36 silly audit   '@img/sharp-linuxmusl-arm64': [ '0.34.5' ],
36 silly audit   '@img/sharp-linuxmusl-x64': [ '0.34.5' ],
36 silly audit   '@img/sharp-wasm32': [ '0.34.5' ],
36 silly audit   '@img/sharp-win32-arm64': [ '0.34.5' ],
36 silly audit   '@img/sharp-win32-ia32': [ '0.34.5' ],
36 silly audit   '@img/sharp-win32-x64': [ '0.34.5' ],
36 silly audit   '@inquirer/ansi': [ '1.0.2' ],
36 silly audit   '@inquirer/confirm': [ '5.1.21' ],
36 silly audit   '@inquirer/core': [ '10.3.2' ],
36 silly audit   '@inquirer/figures': [ '1.0.15' ],
36 silly audit   '@inquirer/type': [ '3.0.10' ],
36 silly audit   '@jridgewell/gen-mapping': [ '0.3.13' ],
36 silly audit   '@jridgewell/remapping': [ '2.3.5' ],
36 silly audit   '@jridgewell/resolve-uri': [ '3.1.2' ],
36 silly audit   '@jridgewell/sourcemap-codec': [ '1.5.5' ],
36 silly audit   '@jridgewell/trace-mapping': [ '0.3.31' ],
36 silly audit   '@modelcontextprotocol/sdk': [ '1.27.1' ],
36 silly audit   ajv: [ '8.18.0', '6.14.0' ],
36 silly audit   'json-schema-traverse': [ '1.0.0', '0.4.1' ],
36 silly audit   '@mswjs/interceptors': [ '0.41.3' ],
36 silly audit   '@napi-rs/wasm-runtime': [ '0.2.12' ],
36 silly audit   '@next/env': [ '16.1.6' ],
36 silly audit   '@next/eslint-plugin-next': [ '16.1.6' ],
36 silly audit   '@next/swc-darwin-arm64': [ '16.1.6' ],
36 silly audit   '@next/swc-darwin-x64': [ '16.1.6' ],
36 silly audit   '@next/swc-linux-arm64-gnu': [ '16.1.6' ],
36 silly audit   '@next/swc-linux-arm64-musl': [ '16.1.6' ],
36 silly audit   '@next/swc-linux-x64-gnu': [ '16.1.6' ],
36 silly audit   '@next/swc-linux-x64-musl': [ '16.1.6' ],
36 silly audit   '@next/swc-win32-arm64-msvc': [ '16.1.6' ],
36 silly audit   '@next/swc-win32-x64-msvc': [ '16.1.6' ],
36 silly audit   '@noble/ciphers': [ '1.3.0' ],
36 silly audit   '@noble/curves': [ '1.9.7' ],
36 silly audit   '@noble/hashes': [ '1.8.0' ],
36 silly audit   '@nodelib/fs.scandir': [ '2.1.5' ],
36 silly audit   '@nodelib/fs.stat': [ '2.0.5' ],
36 silly audit   '@nodelib/fs.walk': [ '1.2.8' ],
36 silly audit   '@nolyfill/is-core-module': [ '1.0.39' ],
36 silly audit   '@open-draft/deferred-promise': [ '2.2.0' ],
36 silly audit   '@open-draft/logger': [ '0.3.0' ],
36 silly audit   '@open-draft/until': [ '2.1.0' ],
36 silly audit   '@radix-ui/number': [ '1.1.1' ],
36 silly audit   '@radix-ui/primitive': [ '1.1.3' ],
36 silly audit   '@radix-ui/react-accessible-icon': [ '1.1.7' ],
36 silly audit   '@radix-ui/react-accordion': [ '1.2.12' ],
36 silly audit   '@radix-ui/react-alert-dialog': [ '1.1.15' ],
36 silly audit   '@radix-ui/react-arrow': [ '1.1.7' ],
36 silly audit   '@radix-ui/react-aspect-ratio': [ '1.1.7' ],
36 silly audit   '@radix-ui/react-avatar': [ '1.1.10' ],
36 silly audit   '@radix-ui/react-checkbox': [ '1.3.3' ],
36 silly audit   '@radix-ui/react-collapsible': [ '1.1.12' ],
36 silly audit   '@radix-ui/react-collection': [ '1.1.7' ],
36 silly audit   '@radix-ui/react-compose-refs': [ '1.1.2' ],
36 silly audit   '@radix-ui/react-context': [ '1.1.2' ],
36 silly audit   '@radix-ui/react-context-menu': [ '2.2.16' ],
36 silly audit   '@radix-ui/react-dialog': [ '1.1.15' ],
36 silly audit   '@radix-ui/react-direction': [ '1.1.1' ],
36 silly audit   '@radix-ui/react-dismissable-layer': [ '1.1.11' ],
36 silly audit   '@radix-ui/react-dropdown-menu': [ '2.1.16' ],
36 silly audit   '@radix-ui/react-focus-guards': [ '1.1.3' ],
36 silly audit   '@radix-ui/react-focus-scope': [ '1.1.7' ],
36 silly audit   '@radix-ui/react-form': [ '0.1.8' ],
36 silly audit   '@radix-ui/react-hover-card': [ '1.1.15' ],
36 silly audit   '@radix-ui/react-id': [ '1.1.1' ],
36 silly audit   '@radix-ui/react-label': [ '2.1.7' ],
36 silly audit   '@radix-ui/react-menu': [ '2.1.16' ],
36 silly audit   '@radix-ui/react-menubar': [ '1.1.16' ],
36 silly audit   '@radix-ui/react-navigation-menu': [ '1.2.14' ],
36 silly audit   '@radix-ui/react-one-time-password-field': [ '0.1.8' ],
36 silly audit   '@radix-ui/react-password-toggle-field': [ '0.1.3' ],
36 silly audit   '@radix-ui/react-popover': [ '1.1.15' ],
36 silly audit   '@radix-ui/react-popper': [ '1.2.8' ],
36 silly audit   '@radix-ui/react-portal': [ '1.1.9' ],
36 silly audit   '@radix-ui/react-presence': [ '1.1.5' ],
36 silly audit   '@radix-ui/react-primitive': [ '2.1.3' ],
36 silly audit   '@radix-ui/react-progress': [ '1.1.7' ],
36 silly audit   '@radix-ui/react-radio-group': [ '1.3.8' ],
36 silly audit   '@radix-ui/react-roving-focus': [ '1.1.11' ],
36 silly audit   '@radix-ui/react-scroll-area': [ '1.2.10' ],
36 silly audit   '@radix-ui/react-select': [ '2.2.6' ],
36 silly audit   '@radix-ui/react-separator': [ '1.1.7' ],
36 silly audit   '@radix-ui/react-slider': [ '1.3.6' ],
36 silly audit   '@radix-ui/react-slot': [ '1.2.3' ],
36 silly audit   '@radix-ui/react-switch': [ '1.2.6' ],
36 silly audit   '@radix-ui/react-tabs': [ '1.1.13' ],
36 silly audit   '@radix-ui/react-toast': [ '1.2.15' ],
36 silly audit   '@radix-ui/react-toggle': [ '1.1.10' ],
36 silly audit   '@radix-ui/react-toggle-group': [ '1.1.11' ],
36 silly audit   '@radix-ui/react-toolbar': [ '1.1.11' ],
36 silly audit   '@radix-ui/react-tooltip': [ '1.2.8' ],
36 silly audit   '@radix-ui/react-use-callback-ref': [ '1.1.1' ],
36 silly audit   '@radix-ui/react-use-controllable-state': [ '1.2.2' ],
36 silly audit   '@radix-ui/react-use-effect-event': [ '0.0.2' ],
36 silly audit   '@radix-ui/react-use-escape-keydown': [ '1.1.1' ],
36 silly audit   '@radix-ui/react-use-is-hydrated': [ '0.1.0' ],
36 silly audit   '@radix-ui/react-use-layout-effect': [ '1.1.1' ],
36 silly audit   '@radix-ui/react-use-previous': [ '1.1.1' ],
36 silly audit   '@radix-ui/react-use-rect': [ '1.1.1' ],
36 silly audit   '@radix-ui/react-use-size': [ '1.1.1' ],
36 silly audit   '@radix-ui/react-visually-hidden': [ '1.2.3' ],
36 silly audit   '@radix-ui/rect': [ '1.1.1' ],
36 silly audit   '@rtsao/scc': [ '1.1.0' ],
36 silly audit   '@sec-ant/readable-stream': [ '0.4.1' ],
36 silly audit   '@sindresorhus/merge-streams': [ '4.0.0' ],
36 silly audit   '@swc/helpers': [ '0.5.15' ],
36 silly audit   '@tailwindcss/node': [ '4.2.1' ],
36 silly audit   '@tailwindcss/oxide': [ '4.2.1' ],
36 silly audit   '@tailwindcss/oxide-android-arm64': [ '4.2.1' ],
36 silly audit   '@tailwindcss/oxide-darwin-arm64': [ '4.2.1' ],
36 silly audit   '@tailwindcss/oxide-darwin-x64': [ '4.2.1' ],
36 silly audit   '@tailwindcss/oxide-freebsd-x64': [ '4.2.1' ],
36 silly audit   '@tailwindcss/oxide-linux-arm-gnueabihf': [ '4.2.1' ],
36 silly audit   '@tailwindcss/oxide-linux-arm64-gnu': [ '4.2.1' ],
36 silly audit   '@tailwindcss/oxide-linux-arm64-musl': [ '4.2.1' ],
36 silly audit   '@tailwindcss/oxide-linux-x64-gnu': [ '4.2.1' ],
36 silly audit   '@tailwindcss/oxide-linux-x64-musl': [ '4.2.1' ],
36 silly audit   '@tailwindcss/oxide-wasm32-wasi': [ '4.2.1' ],
36 silly audit   '@tailwindcss/oxide-win32-arm64-msvc': [ '4.2.1' ],
36 silly audit   '@tailwindcss/oxide-win32-x64-msvc': [ '4.2.1' ],
36 silly audit   '@tailwindcss/postcss': [ '4.2.1' ],
36 silly audit   '@ts-morph/common': [ '0.27.0' ],
36 silly audit   'balanced-match': [ '4.0.4', '1.0.2' ],
36 silly audit   'brace-expansion': [ '5.0.3', '1.1.12' ],
36 silly audit   'fast-glob': [ '3.3.3', '3.3.1' ],
36 silly audit   'glob-parent': [ '5.1.2', '6.0.2' ],
36 silly audit   minimatch: [ '10.2.4', '3.1.5' ],
36 silly audit   '@tybys/wasm-util': [ '0.10.1' ],
36 silly audit   '@types/estree': [ '1.0.8' ],
36 silly audit   '@types/json-schema': [ '7.0.15' ],
36 silly audit   '@types/json5': [ '0.0.29' ],
36 silly audit   '@types/node': [ '20.19.34' ],
36 silly audit   '@types/react': [ '19.2.14' ],
36 silly audit   '@types/react-dom': [ '19.2.3' ],
36 silly audit   '@types/statuses': [ '2.0.6' ],
36 silly audit   '@types/validate-npm-package-name': [ '4.0.2' ],
36 silly audit   '@typescript-eslint/eslint-plugin': [ '8.56.1' ],
36 silly audit   ignore: [ '7.0.5', '5.3.2' ],
36 silly audit   '@typescript-eslint/parser': [ '8.56.1' ],
36 silly audit   '@typescript-eslint/project-service': [ '8.56.1' ],
36 silly audit   '@typescript-eslint/scope-manager': [ '8.56.1' ],
36 silly audit   '@typescript-eslint/tsconfig-utils': [ '8.56.1' ],
36 silly audit   '@typescript-eslint/type-utils': [ '8.56.1' ],
36 silly audit   '@typescript-eslint/types': [ '8.56.1' ],
36 silly audit   '@typescript-eslint/typescript-estree': [ '8.56.1' ],
36 silly audit   semver: [ '7.7.4', '6.3.1' ],
36 silly audit   '@typescript-eslint/utils': [ '8.56.1' ],
36 silly audit   '@typescript-eslint/visitor-keys': [ '8.56.1' ],
36 silly audit   '@unrs/resolver-binding-android-arm-eabi': [ '1.11.1' ],
36 silly audit   '@unrs/resolver-binding-android-arm64': [ '1.11.1' ],
36 silly audit   '@unrs/resolver-binding-darwin-arm64': [ '1.11.1' ],
36 silly audit   '@unrs/resolver-binding-darwin-x64': [ '1.11.1' ],
36 silly audit   '@unrs/resolver-binding-freebsd-x64': [ '1.11.1' ],
36 silly audit   '@unrs/resolver-binding-linux-arm-gnueabihf': [ '1.11.1' ],
36 silly audit   '@unrs/resolver-binding-linux-arm-musleabihf': [ '1.11.1' ],
36 silly audit   '@unrs/resolver-binding-linux-arm64-gnu': [ '1.11.1' ],
36 silly audit   '@unrs/resolver-binding-linux-arm64-musl': [ '1.11.1' ],
36 silly audit   '@unrs/resolver-binding-linux-ppc64-gnu': [ '1.11.1' ],
36 silly audit   '@unrs/resolver-binding-linux-riscv64-gnu': [ '1.11.1' ],
36 silly audit   '@unrs/resolver-binding-linux-riscv64-musl': [ '1.11.1' ],
36 silly audit   '@unrs/resolver-binding-linux-s390x-gnu': [ '1.11.1' ],
36 silly audit   '@unrs/resolver-binding-linux-x64-gnu': [ '1.11.1' ],
36 silly audit   '@unrs/resolver-binding-linux-x64-musl': [ '1.11.1' ],
36 silly audit   '@unrs/resolver-binding-wasm32-wasi': [ '1.11.1' ],
36 silly audit   '@unrs/resolver-binding-win32-arm64-msvc': [ '1.11.1' ],
36 silly audit   '@unrs/resolver-binding-win32-ia32-msvc': [ '1.11.1' ],
36 silly audit   '@unrs/resolver-binding-win32-x64-msvc': [ '1.11.1' ],
36 silly audit   accepts: [ '2.0.0' ],
36 silly audit   acorn: [ '8.16.0' ],
36 silly audit   'acorn-jsx': [ '5.3.2' ],
36 silly audit   'agent-base': [ '7.1.4' ],
36 silly audit   'ajv-formats': [ '3.0.1' ],
36 silly audit   'ansi-regex': [ '6.2.2', '5.0.1' ],
36 silly audit   'ansi-styles': [ '4.3.0' ],
36 silly audit   ansis: [ '4.2.0' ],
36 silly audit   argparse: [ '2.0.1' ],
36 silly audit   'aria-hidden': [ '1.2.6' ],
36 silly audit   'aria-query': [ '5.3.2' ],
36 silly audit   'array-buffer-byte-length': [ '1.0.2' ],
36 silly audit   'array-includes': [ '3.1.9' ],
36 silly audit   'array.prototype.findlast': [ '1.2.5' ],
36 silly audit   'array.prototype.findlastindex': [ '1.2.6' ],
36 silly audit   'array.prototype.flat': [ '1.3.3' ],
36 silly audit   'array.prototype.flatmap': [ '1.3.3' ],
36 silly audit   'array.prototype.tosorted': [ '1.1.4' ],
36 silly audit   'arraybuffer.prototype.slice': [ '1.0.4' ],
36 silly audit   'ast-types': [ '0.16.1' ],
36 silly audit   'ast-types-flow': [ '0.0.8' ],
36 silly audit   'async-function': [ '1.0.0' ],
36 silly audit   'available-typed-arrays': [ '1.0.7' ],
36 silly audit   'axe-core': [ '4.11.1' ],
36 silly audit   'axobject-query': [ '4.1.0' ],
36 silly audit   'baseline-browser-mapping': [ '2.10.0' ],
36 silly audit   'body-parser': [ '2.2.2' ],
36 silly audit   braces: [ '3.0.3' ],
36 silly audit   browserslist: [ '4.28.1' ],
36 silly audit   'bundle-name': [ '4.1.0' ],
36 silly audit   bytes: [ '3.1.2' ],
36 silly audit   'call-bind': [ '1.0.8' ],
36 silly audit   'call-bind-apply-helpers': [ '1.0.2' ],
36 silly audit   'call-bound': [ '1.0.4' ],
36 silly audit   callsites: [ '3.1.0' ],
36 silly audit   'caniuse-lite': [ '1.0.30001774' ],
36 silly audit   chalk: [ '4.1.2', '5.6.2' ],
36 silly audit   'class-variance-authority': [ '0.7.1' ],
36 silly audit   'cli-cursor': [ '5.0.0' ],
36 silly audit   'cli-spinners': [ '2.9.2' ],
36 silly audit   'cli-width': [ '4.1.0' ],
36 silly audit   'client-only': [ '0.0.1' ],
36 silly audit   cliui: [ '8.0.1' ],
36 silly audit   'emoji-regex': [ '8.0.0', '9.2.2', '10.6.0' ],
36 silly audit   'string-width': [ '4.2.3', '7.2.0' ],
36 silly audit   'strip-ansi': [ '6.0.1', '7.2.0' ],
36 silly audit   'wrap-ansi': [ '7.0.0', '6.2.0' ],
36 silly audit   clsx: [ '2.1.1' ],
36 silly audit   'code-block-writer': [ '13.0.3' ],
36 silly audit   'color-convert': [ '2.0.1' ],
36 silly audit   'color-name': [ '1.1.4' ],
36 silly audit   'concat-map': [ '0.0.1' ],
36 silly audit   'content-disposition': [ '1.0.1' ],
36 silly audit   'content-type': [ '1.0.5' ],
36 silly audit   'convert-source-map': [ '2.0.0' ],
36 silly audit   cookie: [ '0.7.2', '1.1.1' ],
36 silly audit   'cookie-signature': [ '1.2.2' ],
36 silly audit   cors: [ '2.8.6' ],
36 silly audit   cosmiconfig: [ '9.0.0' ],
36 silly audit   'cross-spawn': [ '7.0.6' ],
36 silly audit   cssesc: [ '3.0.0' ],
36 silly audit   csstype: [ '3.2.3' ],
36 silly audit   'damerau-levenshtein': [ '1.0.8' ],
36 silly audit   'data-uri-to-buffer': [ '4.0.1' ],
36 silly audit   'data-view-buffer': [ '1.0.2' ],
36 silly audit   'data-view-byte-length': [ '1.0.2' ],
36 silly audit   'data-view-byte-offset': [ '1.0.1' ],
36 silly audit   debug: [ '4.4.3', '3.2.7' ],
36 silly audit   dedent: [ '1.7.1' ],
36 silly audit   'deep-is': [ '0.1.4' ],
36 silly audit   deepmerge: [ '4.3.1' ],
36 silly audit   'default-browser': [ '5.5.0' ],
36 silly audit   'default-browser-id': [ '5.0.1' ],
36 silly audit   'define-data-property': [ '1.1.4' ],
36 silly audit   'define-lazy-prop': [ '3.0.0' ],
36 silly audit   'define-properties': [ '1.2.1' ],
36 silly audit   depd: [ '2.0.0' ],
36 silly audit   'detect-libc': [ '2.1.2' ],
36 silly audit   'detect-node-es': [ '1.1.0' ],
36 silly audit   diff: [ '8.0.3' ],
36 silly audit   doctrine: [ '2.1.0' ],
36 silly audit   dotenv: [ '17.3.1' ],
36 silly audit   'dunder-proto': [ '1.0.1' ],
36 silly audit   eciesjs: [ '0.4.17' ],
36 silly audit   'ee-first': [ '1.1.1' ],
36 silly audit   'electron-to-chromium': [ '1.5.302' ],
36 silly audit   encodeurl: [ '2.0.0' ],
36 silly audit   'enhanced-resolve': [ '5.19.0' ],
36 silly audit   'env-paths': [ '2.2.1' ],
36 silly audit   'error-ex': [ '1.3.4' ],
36 silly audit   'es-abstract': [ '1.24.1' ],
36 silly audit   'es-define-property': [ '1.0.1' ],
36 silly audit   'es-errors': [ '1.3.0' ],
36 silly audit   'es-iterator-helpers': [ '1.2.2' ],
36 silly audit   'es-object-atoms': [ '1.1.1' ],
36 silly audit   'es-set-tostringtag': [ '2.1.0' ],
36 silly audit   'es-shim-unscopables': [ '1.1.0' ],
36 silly audit   'es-to-primitive': [ '1.3.0' ],
36 silly audit   escalade: [ '3.2.0' ],
36 silly audit   'escape-html': [ '1.0.3' ],
36 silly audit   'escape-string-regexp': [ '4.0.0' ],
36 silly audit   eslint: [ '9.39.3' ],
36 silly audit   'eslint-config-next': [ '16.1.6' ],
36 silly audit   globals: [ '16.4.0', '14.0.0' ],
36 silly audit   'eslint-import-resolver-node': [ '0.3.9' ],
36 silly audit   'eslint-import-resolver-typescript': [ '3.10.1' ],
36 silly audit   'eslint-module-utils': [ '2.12.1' ],
36 silly audit   'eslint-plugin-import': [ '2.32.0' ],
36 silly audit   'eslint-plugin-jsx-a11y': [ '6.10.2' ],
36 silly audit   'eslint-plugin-react': [ '7.37.5' ],
36 silly audit   'eslint-plugin-react-hooks': [ '7.0.1' ],
36 silly audit   resolve: [ '2.0.0-next.6', '1.22.11' ],
36 silly audit   'eslint-scope': [ '8.4.0' ],
36 silly audit   espree: [ '10.4.0' ],
36 silly audit   esprima: [ '4.0.1' ],
36 silly audit   esquery: [ '1.7.0' ],
36 silly audit   esrecurse: [ '4.3.0' ],
36 silly audit   estraverse: [ '5.3.0' ],
36 silly audit   esutils: [ '2.0.3' ],
36 silly audit   etag: [ '1.8.1' ],
36 silly audit   eventsource: [ '3.0.7' ],
36 silly audit   'eventsource-parser': [ '3.0.6' ],
36 silly audit   express: [ '5.2.1' ],
36 silly audit   'express-rate-limit': [ '8.2.1' ],
36 silly audit   'fast-deep-equal': [ '3.1.3' ],
36 silly audit   'fast-json-stable-stringify': [ '2.1.0' ],
36 silly audit   'fast-levenshtein': [ '2.0.6' ],
36 silly audit   'fast-uri': [ '3.1.0' ],
36 silly audit   fastq: [ '1.20.1' ],
36 silly audit   fdir: [ '6.5.0' ],
36 silly audit   'fetch-blob': [ '3.2.0' ],
36 silly audit   figures: [ '6.1.0' ],
36 silly audit   'file-entry-cache': [ '8.0.0' ],
36 silly audit   'fill-range': [ '7.1.1' ],
36 silly audit   finalhandler: [ '2.1.1' ],
36 silly audit   'find-up': [ '5.0.0' ],
36 silly audit   'flat-cache': [ '4.0.1' ],
36 silly audit   flatted: [ '3.3.3' ],
36 silly audit   'for-each': [ '0.3.5' ],
36 silly audit   'formdata-polyfill': [ '4.0.10' ],
36 silly audit   forwarded: [ '0.2.0' ],
36 silly audit   fresh: [ '2.0.0' ],
36 silly audit   'fs-extra': [ '11.3.3' ],
36 silly audit   'function-bind': [ '1.1.2' ],
36 silly audit   'function.prototype.name': [ '1.1.8' ],
36 silly audit   'functions-have-names': [ '1.2.3' ],
36 silly audit   fuzzysort: [ '3.1.0' ],
36 silly audit   fzf: [ '0.5.2' ],
36 silly audit   'generator-function': [ '2.0.1' ],
36 silly audit   gensync: [ '1.0.0-beta.2' ],
36 silly audit   'get-caller-file': [ '2.0.5' ],
36 silly audit   'get-east-asian-width': [ '1.5.0' ],
36 silly audit   'get-intrinsic': [ '1.3.0' ],
36 silly audit   'get-nonce': [ '1.0.1' ],
36 silly audit   'get-own-enumerable-keys': [ '1.0.0' ],
36 silly audit   'get-proto': [ '1.0.1' ],
36 silly audit   'get-symbol-description': [ '1.1.0' ],
36 silly audit   'get-tsconfig': [ '4.13.6' ],
36 silly audit   globalthis: [ '1.0.4' ],
36 silly audit   gopd: [ '1.2.0' ],
36 silly audit   'graceful-fs': [ '4.2.11' ],
36 silly audit   graphql: [ '16.13.0' ],
36 silly audit   'has-bigints': [ '1.1.0' ],
36 silly audit   'has-flag': [ '4.0.0' ],
36 silly audit   'has-property-descriptors': [ '1.0.2' ],
36 silly audit   'has-proto': [ '1.2.0' ],
36 silly audit   'has-symbols': [ '1.1.0' ],
36 silly audit   'has-tostringtag': [ '1.0.2' ],
36 silly audit   hasown: [ '2.0.2' ],
36 silly audit   'headers-polyfill': [ '4.0.3' ],
36 silly audit   'hermes-estree': [ '0.25.1' ],
36 silly audit   'hermes-parser': [ '0.25.1' ],
36 silly audit   hono: [ '4.12.3' ],
36 silly audit   'http-errors': [ '2.0.1' ],
36 silly audit   'https-proxy-agent': [ '7.0.6' ],
36 silly audit   'iconv-lite': [ '0.7.2' ],
36 silly audit   'import-fresh': [ '3.3.1' ],
36 silly audit   imurmurhash: [ '0.1.4' ],
36 silly audit   inherits: [ '2.0.4' ],
36 silly audit   'internal-slot': [ '1.1.0' ],
36 silly audit   'ip-address': [ '10.0.1' ],
36 silly audit   'ipaddr.js': [ '1.9.1' ],
36 silly audit   'is-array-buffer': [ '3.0.5' ],
36 silly audit   'is-arrayish': [ '0.2.1' ],
36 silly audit   'is-async-function': [ '2.1.1' ],
36 silly audit   'is-bigint': [ '1.1.0' ],
36 silly audit   'is-boolean-object': [ '1.2.2' ],
36 silly audit   'is-bun-module': [ '2.0.0' ],
36 silly audit   'is-callable': [ '1.2.7' ],
36 silly audit   'is-core-module': [ '2.16.1' ],
36 silly audit   'is-data-view': [ '1.0.2' ],
36 silly audit   'is-date-object': [ '1.1.0' ],
36 silly audit   'is-docker': [ '3.0.0' ],
36 silly audit   'is-extglob': [ '2.1.1' ],
36 silly audit   'is-finalizationregistry': [ '1.1.1' ],
36 silly audit   'is-fullwidth-code-point': [ '3.0.0' ],
36 silly audit   'is-generator-function': [ '1.1.2' ],
36 silly audit   'is-glob': [ '4.0.3' ],
36 silly audit   'is-in-ssh': [ '1.0.0' ],
36 silly audit   'is-inside-container': [ '1.0.0' ],
36 silly audit   'is-interactive': [ '2.0.0' ],
36 silly audit   'is-map': [ '2.0.3' ],
36 silly audit   'is-negative-zero': [ '2.0.3' ],
36 silly audit   'is-node-process': [ '1.2.0' ],
36 silly audit   'is-number': [ '7.0.0' ],
36 silly audit   'is-number-object': [ '1.1.1' ],
36 silly audit   'is-obj': [ '3.0.0' ],
36 silly audit   'is-plain-obj': [ '4.1.0' ],
36 silly audit   'is-promise': [ '4.0.0' ],
36 silly audit   'is-regex': [ '1.2.1' ],
36 silly audit   'is-regexp': [ '3.1.0' ],
36 silly audit   'is-set': [ '2.0.3' ],
36 silly audit   'is-shared-array-buffer': [ '1.0.4' ],
36 silly audit   'is-string': [ '1.1.1' ],
36 silly audit   'is-symbol': [ '1.1.1' ],
36 silly audit   'is-typed-array': [ '1.1.15' ],
36 silly audit   'is-unicode-supported': [ '2.1.0', '1.3.0' ],
36 silly audit   'is-weakmap': [ '2.0.2' ],
36 silly audit   'is-weakref': [ '1.1.1' ],
36 silly audit   'is-weakset': [ '2.0.4' ],
36 silly audit   'is-wsl': [ '3.1.1' ],
36 silly audit   isarray: [ '2.0.5' ],
36 silly audit   'iterator.prototype': [ '1.1.5' ],
36 silly audit   jiti: [ '2.6.1' ],
36 silly audit   jose: [ '6.1.3' ],
36 silly audit   'js-tokens': [ '4.0.0' ],
36 silly audit   'js-yaml': [ '4.1.1' ],
36 silly audit   jsesc: [ '3.1.0' ],
36 silly audit   'json-buffer': [ '3.0.1' ],
36 silly audit   'json-parse-even-better-errors': [ '2.3.1' ],
36 silly audit   'json-schema-typed': [ '8.0.2' ],
36 silly audit   'json-stable-stringify-without-jsonify': [ '1.0.1' ],
36 silly audit   json5: [ '2.2.3', '1.0.2' ],
36 silly audit   jsonfile: [ '6.2.0' ],
36 silly audit   'jsx-ast-utils': [ '3.3.5' ],
36 silly audit   keyv: [ '4.5.4' ],
36 silly audit   kleur: [ '4.1.5', '3.0.3' ],
36 silly audit   'language-subtag-registry': [ '0.3.23' ],
36 silly audit   'language-tags': [ '1.0.9' ],
36 silly audit   levn: [ '0.4.1' ],
36 silly audit   lightningcss: [ '1.31.1' ],
36 silly audit   'lightningcss-android-arm64': [ '1.31.1' ],
36 silly audit   'lightningcss-darwin-arm64': [ '1.31.1' ],
36 silly audit   'lightningcss-darwin-x64': [ '1.31.1' ],
36 silly audit   'lightningcss-freebsd-x64': [ '1.31.1' ],
36 silly audit   'lightningcss-linux-arm-gnueabihf': [ '1.31.1' ],
36 silly audit   'lightningcss-linux-arm64-gnu': [ '1.31.1' ],
36 silly audit   'lightningcss-linux-arm64-musl': [ '1.31.1' ],
36 silly audit   'lightningcss-linux-x64-gnu': [ '1.31.1' ],
36 silly audit   'lightningcss-linux-x64-musl': [ '1.31.1' ],
36 silly audit   'lightningcss-win32-arm64-msvc': [ '1.31.1' ],
36 silly audit   'lightningcss-win32-x64-msvc': [ '1.31.1' ],
36 silly audit   'lines-and-columns': [ '1.2.4' ],
36 silly audit   'locate-path': [ '6.0.0' ],
36 silly audit   'lodash.merge': [ '4.6.2' ],
36 silly audit   'log-symbols': [ '6.0.0' ],
36 silly audit   'loose-envify': [ '1.4.0' ],
36 silly audit   'lru-cache': [ '5.1.1' ],
36 silly audit   'lucide-react': [ '0.575.0' ],
36 silly audit   'magic-string': [ '0.30.21' ],
36 silly audit   'math-intrinsics': [ '1.1.0' ],
36 silly audit   'media-typer': [ '1.1.0' ],
36 silly audit   'merge-descriptors': [ '2.0.0' ],
36 silly audit   'merge-stream': [ '2.0.0' ],
36 silly audit   merge2: [ '1.4.1' ],
36 silly audit   micromatch: [ '4.0.8' ],
36 silly audit   picomatch: [ '2.3.1', '4.0.3' ],
36 silly audit   'mime-db': [ '1.54.0' ],
36 silly audit   'mime-types': [ '3.0.2' ],
36 silly audit   'mimic-fn': [ '2.1.0' ],
36 silly audit   'mimic-function': [ '5.0.1' ],
36 silly audit   minimist: [ '1.2.8' ],
36 silly audit   ms: [ '2.1.3' ],
36 silly audit   msw: [ '2.12.10' ],
36 silly audit   'mute-stream': [ '2.0.0' ],
36 silly audit   nanoid: [ '3.3.11' ],
36 silly audit   'napi-postinstall': [ '0.3.4' ],
36 silly audit   'natural-compare': [ '1.4.0' ],
36 silly audit   negotiator: [ '1.0.0' ],
36 silly audit   next: [ '16.1.6' ],
36 silly audit   postcss: [ '8.4.31', '8.5.6' ],
36 silly audit   'node-domexception': [ '1.0.0' ],
36 silly audit   'node-exports-info': [ '1.6.0' ],
36 silly audit   'node-fetch': [ '3.3.2' ],
36 silly audit   'node-releases': [ '2.0.27' ],
36 silly audit   'path-key': [ '4.0.0', '3.1.1' ],
36 silly audit   'object-assign': [ '4.1.1' ],
36 silly audit   'object-inspect': [ '1.13.4' ],
36 silly audit   'object-keys': [ '1.1.1' ],
36 silly audit   'object-treeify': [ '1.1.33' ],
36 silly audit   'object.assign': [ '4.1.7' ],
36 silly audit   'object.entries': [ '1.1.9' ],
36 silly audit   'object.fromentries': [ '2.0.8' ],
36 silly audit   'object.groupby': [ '1.0.3' ],
36 silly audit   'object.values': [ '1.2.1' ],
36 silly audit   'on-finished': [ '2.4.1' ],
36 silly audit   once: [ '1.4.0' ],
36 silly audit   open: [ '11.0.0' ],
36 silly audit   optionator: [ '0.9.4' ],
36 silly audit   ora: [ '8.2.0' ],
36 silly audit   outvariant: [ '1.4.3' ],
36 silly audit   'own-keys': [ '1.0.1' ],
36 silly audit   'p-limit': [ '3.1.0' ],
36 silly audit   'p-locate': [ '5.0.0' ],
36 silly audit   'package-manager-detector': [ '1.6.0' ],
36 silly audit   'parent-module': [ '1.0.1' ],
36 silly audit   'parse-json': [ '5.2.0' ],
36 silly audit   'parse-ms': [ '4.0.0' ],
36 silly audit   parseurl: [ '1.3.3' ],
36 silly audit   'path-browserify': [ '1.0.1' ],
36 silly audit   'path-exists': [ '4.0.0' ],
36 silly audit   'path-parse': [ '1.0.7' ],
36 silly audit   'path-to-regexp': [ '6.3.0', '8.3.0' ],
36 silly audit   picocolors: [ '1.1.1' ],
36 silly audit   'pkce-challenge': [ '5.0.1' ],
36 silly audit   'possible-typed-array-names': [ '1.1.0' ],
36 silly audit   'postcss-selector-parser': [ '7.1.1' ],
36 silly audit   'powershell-utils': [ '0.1.0' ],
36 silly audit   'prelude-ls': [ '1.2.1' ],
36 silly audit   'pretty-ms': [ '9.3.0' ],
36 silly audit   prompts: [ '2.4.2' ],
36 silly audit   'prop-types': [ '15.8.1' ],
36 silly audit   'proxy-addr': [ '2.0.7' ],
36 silly audit   punycode: [ '2.3.1' ],
36 silly audit   qs: [ '6.15.0' ],
36 silly audit   'queue-microtask': [ '1.2.3' ],
36 silly audit   'range-parser': [ '1.2.1' ],
36 silly audit   'raw-body': [ '3.0.2' ],
36 silly audit   react: [ '19.2.3' ],
36 silly audit   'react-dom': [ '19.2.3' ],
36 silly audit   'react-is': [ '16.13.1' ],
36 silly audit   'react-remove-scroll': [ '2.7.2' ],
36 silly audit   'react-remove-scroll-bar': [ '2.3.8' ],
36 silly audit   'react-style-singleton': [ '2.2.3' ],
36 silly audit   recast: [ '0.23.11' ],
36 silly audit   'reflect.getprototypeof': [ '1.0.10' ],
36 silly audit   'regexp.prototype.flags': [ '1.5.4' ],
36 silly audit   'require-directory': [ '2.1.1' ],
36 silly audit   'require-from-string': [ '2.0.2' ],
36 silly audit   'resolve-from': [ '4.0.0' ],
36 silly audit   'resolve-pkg-maps': [ '1.0.0' ],
36 silly audit   'restore-cursor': [ '5.1.0' ],
36 silly audit   rettime: [ '0.10.1' ],
36 silly audit   reusify: [ '1.1.0' ],
36 silly audit   router: [ '2.2.0' ],
36 silly audit   'run-applescript': [ '7.1.0' ],
36 silly audit   'run-parallel': [ '1.2.0' ],
36 silly audit   'safe-array-concat': [ '1.1.3' ],
36 silly audit   'safe-push-apply': [ '1.0.0' ],
36 silly audit   'safe-regex-test': [ '1.1.0' ],
36 silly audit   'safer-buffer': [ '2.1.2' ],
36 silly audit   scheduler: [ '0.27.0' ],
36 silly audit   send: [ '1.2.1' ],
36 silly audit   'serve-static': [ '2.2.1' ],
36 silly audit   'set-function-length': [ '1.2.2' ],
36 silly audit   'set-function-name': [ '2.0.2' ],
36 silly audit   'set-proto': [ '1.0.0' ],
36 silly audit   setprototypeof: [ '1.2.0' ],
36 silly audit   shadcn: [ '3.8.5' ],
36 silly audit   'tsconfig-paths': [ '4.2.0', '3.15.0' ],
36 silly audit   zod: [ '3.25.76', '4.3.6' ],
36 silly audit   sharp: [ '0.34.5' ],
36 silly audit   'shebang-command': [ '2.0.0' ],
36 silly audit   'shebang-regex': [ '3.0.0' ],
36 silly audit   'side-channel': [ '1.1.0' ],
36 silly audit   'side-channel-list': [ '1.0.0' ],
36 silly audit   'side-channel-map': [ '1.0.1' ],
36 silly audit   'side-channel-weakmap': [ '1.0.2' ],
36 silly audit   sisteransi: [ '1.0.5' ],
36 silly audit   'source-map': [ '0.6.1' ],
36 silly audit   'source-map-js': [ '1.2.1' ],
36 silly audit   'stable-hash': [ '0.0.5' ],
36 silly audit   statuses: [ '2.0.2' ],
36 silly audit   'stdin-discarder': [ '0.2.2' ],
36 silly audit   'stop-iteration-iterator': [ '1.1.0' ],
36 silly audit   'strict-event-emitter': [ '0.5.1' ],
36 silly audit   'string.prototype.includes': [ '2.0.1' ],
36 silly audit   'string.prototype.matchall': [ '4.0.12' ],
36 silly audit   'string.prototype.repeat': [ '1.0.0' ],
36 silly audit   'string.prototype.trim': [ '1.2.10' ],
36 silly audit   'string.prototype.trimend': [ '1.0.9' ],
36 silly audit   'string.prototype.trimstart': [ '1.0.8' ],
36 silly audit   'stringify-object': [ '5.0.0' ],
36 silly audit   'strip-bom': [ '3.0.0' ],
36 silly audit   'strip-json-comments': [ '3.1.1' ],
36 silly audit   'styled-jsx': [ '5.1.6' ],
36 silly audit   'supports-color': [ '7.2.0' ],
36 silly audit   'supports-preserve-symlinks-flag': [ '1.0.0' ],
36 silly audit   'tagged-tag': [ '1.0.0' ],
36 silly audit   'tailwind-merge': [ '3.5.0' ],
36 silly audit   tailwindcss: [ '4.2.1' ],
36 silly audit   tapable: [ '2.3.0' ],
36 silly audit   'tiny-invariant': [ '1.3.3' ],
36 silly audit   tinyexec: [ '1.0.2' ],
36 silly audit   tinyglobby: [ '0.2.15' ],
36 silly audit   tldts: [ '7.0.23' ],
36 silly audit   'tldts-core': [ '7.0.23' ],
36 silly audit   'to-regex-range': [ '5.0.1' ],
36 silly audit   toidentifier: [ '1.0.1' ],
36 silly audit   'tough-cookie': [ '6.0.0' ],
36 silly audit   'ts-api-utils': [ '2.4.0' ],
36 silly audit   'ts-morph': [ '26.0.0' ],
36 silly audit   tslib: [ '2.8.1' ],
36 silly audit   'tw-animate-css': [ '1.4.0' ],
36 silly audit   'type-check': [ '0.4.0' ],
36 silly audit   'type-fest': [ '5.4.4' ],
36 silly audit   'type-is': [ '2.0.1' ],
36 silly audit   'typed-array-buffer': [ '1.0.3' ],
36 silly audit   'typed-array-byte-length': [ '1.0.3' ],
36 silly audit   'typed-array-byte-offset': [ '1.0.4' ],
36 silly audit   'typed-array-length': [ '1.0.7' ],
36 silly audit   typescript: [ '5.9.3' ],
36 silly audit   'typescript-eslint': [ '8.56.1' ],
36 silly audit   'unbox-primitive': [ '1.1.0' ],
36 silly audit   'undici-types': [ '6.21.0' ],
36 silly audit   'unicorn-magic': [ '0.3.0' ],
36 silly audit   universalify: [ '2.0.1' ],
36 silly audit   unpipe: [ '1.0.0' ],
36 silly audit   'unrs-resolver': [ '1.11.1' ],
36 silly audit   'until-async': [ '3.0.2' ],
36 silly audit   'update-browserslist-db': [ '1.2.3' ],
36 silly audit   'uri-js': [ '4.4.1' ],
36 silly audit   'use-callback-ref': [ '1.3.3' ],
36 silly audit   'use-sidecar': [ '1.1.3' ],
36 silly audit   'use-sync-external-store': [ '1.6.0' ],
36 silly audit   'util-deprecate': [ '1.0.2' ],
36 silly audit   'validate-npm-package-name': [ '7.0.2' ],
36 silly audit   vary: [ '1.1.2' ],
36 silly audit   'web-streams-polyfill': [ '3.3.3' ],
36 silly audit   'which-boxed-primitive': [ '1.1.1' ],
36 silly audit   'which-builtin-type': [ '1.2.1' ],
36 silly audit   'which-collection': [ '1.0.2' ],
36 silly audit   'which-typed-array': [ '1.1.20' ],
36 silly audit   'word-wrap': [ '1.2.5' ],
36 silly audit   wrappy: [ '1.0.2' ],
36 silly audit   'wsl-utils': [ '0.3.1' ],
36 silly audit   y18n: [ '5.0.8' ],
36 silly audit   yallist: [ '3.1.1' ],
36 silly audit   yargs: [ '17.7.2' ],
36 silly audit   'yargs-parser': [ '21.1.1' ],
36 silly audit   'yocto-queue': [ '0.1.0' ],
36 silly audit   yoctocolors: [ '2.1.2' ],
36 silly audit   'yoctocolors-cjs': [ '2.1.3' ],
36 silly audit   'zod-to-json-schema': [ '3.25.1' ],
36 silly audit   'zod-validation-error': [ '4.0.2' ],
36 silly audit   'radix-ui': [ '1.4.3' ]
36 silly audit }
37 http fetch POST 200 https://registry.npmjs.org/-/npm/v1/security/advisories/bulk 382ms
38 silly audit report {}
39 verbose cwd /Users/amaury/Desktop/simplon-manage-api/simplon-manage-api/frontend
40 verbose os Darwin 25.3.0
41 verbose node v22.18.0
42 verbose npm  v11.6.4
43 verbose exit 0
44 info ok
