0 verbose cli /usr/local/bin/node /usr/local/bin/npm
1 info using npm@11.6.4
2 info using node@v22.18.0
3 silly config load:file:/usr/local/lib/node_modules/npm/npmrc
4 silly config load:file:/Users/amaury/Desktop/simplon-manage-api/simplon-manage-api/frontend/.npmrc
5 silly config load:file:/Users/amaury/.npmrc
6 silly config load:file:/usr/local/etc/npmrc
7 verbose title npm install recharts
8 verbose argv "install" "recharts" "--legacy-peer-deps" "--cache" "./.npm-cache"
9 verbose logfile logs-max:10 dir:/Users/amaury/Desktop/simplon-manage-api/simplon-manage-api/frontend/.npm-cache/_logs/2026-02-26T16_45_43_541Z-
10 verbose logfile /Users/amaury/Desktop/simplon-manage-api/simplon-manage-api/frontend/.npm-cache/_logs/2026-02-26T16_45_43_541Z-debug-0.log
11 silly logfile done cleaning log files
12 silly packumentCache heap:4345298944 maxSize:1086324736 maxEntrySize:543162368
13 silly idealTree buildDeps
14 silly fetch manifest recharts@*
15 silly packumentCache full:https://registry.npmjs.org/recharts cache-miss
16 http fetch GET 200 https://registry.npmjs.org/recharts 175ms (cache miss)
17 silly packumentCache full:https://registry.npmjs.org/recharts set size:undefined disposed:false
18 silly placeDep ROOT recharts@3.7.0 OK for: frontend@0.1.0 want: *
19 silly fetch manifest @reduxjs/toolkit@1.x.x || 2.x.x
20 silly packumentCache full:https://registry.npmjs.org/@reduxjs%2ftoolkit cache-miss
21 silly fetch manifest decimal.js-light@^2.5.1
22 silly packumentCache full:https://registry.npmjs.org/decimal.js-light cache-miss
23 silly fetch manifest es-toolkit@^1.39.3
24 silly packumentCache full:https://registry.npmjs.org/es-toolkit cache-miss
25 silly fetch manifest eventemitter3@^5.0.1
26 silly packumentCache full:https://registry.npmjs.org/eventemitter3 cache-miss
27 silly fetch manifest immer@^10.1.1
28 silly packumentCache full:https://registry.npmjs.org/immer cache-miss
29 silly fetch manifest react-redux@8.x.x || 9.x.x
30 silly packumentCache full:https://registry.npmjs.org/react-redux cache-miss
31 silly fetch manifest reselect@5.1.1
32 silly packumentCache full:https://registry.npmjs.org/reselect cache-miss
33 silly fetch manifest victory-vendor@^37.0.2
34 silly packumentCache full:https://registry.npmjs.org/victory-vendor cache-miss
35 http fetch GET 200 https://registry.npmjs.org/@reduxjs%2ftoolkit 75ms (cache miss)
36 silly packumentCache full:https://registry.npmjs.org/@reduxjs%2ftoolkit set size:undefined disposed:false
37 http fetch GET 200 https://registry.npmjs.org/decimal.js-light 97ms (cache miss)
38 silly packumentCache full:https://registry.npmjs.org/decimal.js-light set size:undefined disposed:false
39 http fetch GET 200 https://registry.npmjs.org/eventemitter3 111ms (cache miss)
40 silly packumentCache full:https://registry.npmjs.org/eventemitter3 set size:undefined disposed:false
41 http fetch GET 200 https://registry.npmjs.org/victory-vendor 144ms (cache miss)
42 silly packumentCache full:https://registry.npmjs.org/victory-vendor set size:undefined disposed:false
43 http fetch GET 200 https://registry.npmjs.org/es-toolkit 151ms (cache miss)
44 silly packumentCache full:https://registry.npmjs.org/es-toolkit set size:undefined disposed:false
45 http fetch GET 200 https://registry.npmjs.org/immer 187ms (cache miss)
46 silly packumentCache full:https://registry.npmjs.org/immer set size:undefined disposed:false
47 http fetch GET 200 https://registry.npmjs.org/reselect 188ms (cache miss)
48 silly packumentCache full:https://registry.npmjs.org/reselect set size:undefined disposed:false
49 http fetch GET 200 https://registry.npmjs.org/react-redux 193ms (cache miss)
50 silly packumentCache full:https://registry.npmjs.org/react-redux set size:undefined disposed:false
51 silly placeDep ROOT @reduxjs/toolkit@2.11.2 OK for: recharts@3.7.0 want: 1.x.x || 2.x.x
52 silly placeDep ROOT decimal.js-light@2.5.1 OK for: recharts@3.7.0 want: ^2.5.1
53 silly placeDep ROOT es-toolkit@1.44.0 OK for: recharts@3.7.0 want: ^1.39.3
54 silly placeDep ROOT eventemitter3@5.0.4 OK for: recharts@3.7.0 want: ^5.0.1
55 silly placeDep ROOT immer@10.2.0 OK for: recharts@3.7.0 want: ^10.1.1
56 silly placeDep ROOT react-redux@9.2.0 OK for: recharts@3.7.0 want: 8.x.x || 9.x.x
57 silly placeDep ROOT reselect@5.1.1 OK for: recharts@3.7.0 want: 5.1.1
58 silly placeDep ROOT victory-vendor@37.3.6 OK for: recharts@3.7.0 want: ^37.0.2
59 silly fetch manifest @standard-schema/spec@^1.0.0
60 silly packumentCache full:https://registry.npmjs.org/@standard-schema%2fspec cache-miss
61 silly fetch manifest @standard-schema/utils@^0.3.0
62 silly packumentCache full:https://registry.npmjs.org/@standard-schema%2futils cache-miss
63 silly fetch manifest immer@^11.0.0
64 silly packumentCache full:https://registry.npmjs.org/immer cache-miss
65 silly fetch manifest redux@^5.0.1
66 silly packumentCache full:https://registry.npmjs.org/redux cache-miss
67 silly fetch manifest redux-thunk@^3.1.0
68 silly packumentCache full:https://registry.npmjs.org/redux-thunk cache-miss
69 silly fetch manifest reselect@^5.1.0
70 silly packumentCache full:https://registry.npmjs.org/reselect cache-miss
71 silly fetch manifest @types/use-sync-external-store@^0.0.6
72 silly packumentCache full:https://registry.npmjs.org/@types%2fuse-sync-external-store cache-miss
73 silly fetch manifest d3-ease@^3.0.1
74 silly packumentCache full:https://registry.npmjs.org/d3-ease cache-miss
75 silly fetch manifest d3-time@^3.0.0
76 silly packumentCache full:https://registry.npmjs.org/d3-time cache-miss
77 http cache https://registry.npmjs.org/immer 4ms (cache hit)
78 silly packumentCache full:https://registry.npmjs.org/immer set size:747136 disposed:false
79 silly fetch manifest d3-array@^3.1.6
80 silly packumentCache full:https://registry.npmjs.org/d3-array cache-miss
81 http cache https://registry.npmjs.org/reselect 6ms (cache hit)
82 silly packumentCache full:https://registry.npmjs.org/reselect set size:910470 disposed:false
83 silly fetch manifest d3-scale@^4.0.2
84 silly packumentCache full:https://registry.npmjs.org/d3-scale cache-miss
85 http fetch GET 200 https://registry.npmjs.org/d3-ease 30ms (cache miss)
86 silly packumentCache full:https://registry.npmjs.org/d3-ease set size:undefined disposed:false
87 silly fetch manifest d3-shape@^3.1.0
88 silly packumentCache full:https://registry.npmjs.org/d3-shape cache-miss
89 http fetch GET 200 https://registry.npmjs.org/d3-time 35ms (cache miss)
90 silly packumentCache full:https://registry.npmjs.org/d3-time set size:undefined disposed:false
91 silly fetch manifest d3-timer@^3.0.1
92 silly packumentCache full:https://registry.npmjs.org/d3-timer cache-miss
93 http fetch GET 200 https://registry.npmjs.org/@standard-schema%2fspec 38ms (cache miss)
94 silly packumentCache full:https://registry.npmjs.org/@standard-schema%2fspec set size:undefined disposed:false
95 silly fetch manifest @types/d3-ease@^3.0.0
96 silly packumentCache full:https://registry.npmjs.org/@types%2fd3-ease cache-miss
97 http fetch GET 200 https://registry.npmjs.org/d3-array 33ms (cache miss)
98 silly packumentCache full:https://registry.npmjs.org/d3-array set size:undefined disposed:false
99 silly fetch manifest @types/d3-time@^3.0.0
100 silly packumentCache full:https://registry.npmjs.org/@types%2fd3-time cache-miss
101 http fetch GET 200 https://registry.npmjs.org/redux 43ms (cache miss)
102 silly packumentCache full:https://registry.npmjs.org/redux set size:undefined disposed:false
103 silly fetch manifest d3-interpolate@^3.0.1
104 silly packumentCache full:https://registry.npmjs.org/d3-interpolate cache-miss
105 http fetch GET 200 https://registry.npmjs.org/@standard-schema%2futils 50ms (cache miss)
106 silly packumentCache full:https://registry.npmjs.org/@standard-schema%2futils set size:undefined disposed:false
107 silly fetch manifest @types/d3-array@^3.0.3
108 silly packumentCache full:https://registry.npmjs.org/@types%2fd3-array cache-miss
109 http fetch GET 200 https://registry.npmjs.org/@types%2fuse-sync-external-store 52ms (cache miss)
110 silly packumentCache full:https://registry.npmjs.org/@types%2fuse-sync-external-store set size:undefined disposed:false
111 silly fetch manifest @types/d3-scale@^4.0.2
112 silly packumentCache full:https://registry.npmjs.org/@types%2fd3-scale cache-miss
113 http fetch GET 200 https://registry.npmjs.org/redux-thunk 53ms (cache miss)
114 silly packumentCache full:https://registry.npmjs.org/redux-thunk set size:undefined disposed:false
115 silly fetch manifest @types/d3-shape@^3.1.0
116 silly packumentCache full:https://registry.npmjs.org/@types%2fd3-shape cache-miss
117 http fetch GET 200 https://registry.npmjs.org/d3-shape 35ms (cache miss)
118 silly packumentCache full:https://registry.npmjs.org/d3-shape set size:undefined disposed:false
119 silly fetch manifest @types/d3-timer@^3.0.0
120 silly packumentCache full:https://registry.npmjs.org/@types%2fd3-timer cache-miss
121 http fetch GET 200 https://registry.npmjs.org/@types%2fd3-ease 35ms (cache miss)
122 silly packumentCache full:https://registry.npmjs.org/@types%2fd3-ease set size:undefined disposed:false
123 silly fetch manifest @types/d3-interpolate@^3.0.1
124 silly packumentCache full:https://registry.npmjs.org/@types%2fd3-interpolate cache-miss
125 http fetch GET 200 https://registry.npmjs.org/@types%2fd3-time 36ms (cache miss)
126 silly packumentCache full:https://registry.npmjs.org/@types%2fd3-time set size:undefined disposed:false
127 http fetch GET 200 https://registry.npmjs.org/d3-timer 43ms (cache miss)
128 silly packumentCache full:https://registry.npmjs.org/d3-timer set size:undefined disposed:false
129 http fetch GET 200 https://registry.npmjs.org/d3-interpolate 35ms (cache miss)
130 silly packumentCache full:https://registry.npmjs.org/d3-interpolate set size:undefined disposed:false
131 http fetch GET 200 https://registry.npmjs.org/@types%2fd3-array 46ms (cache miss)
132 silly packumentCache full:https://registry.npmjs.org/@types%2fd3-array set size:undefined disposed:false
133 http fetch GET 200 https://registry.npmjs.org/@types%2fd3-scale 45ms (cache miss)
134 silly packumentCache full:https://registry.npmjs.org/@types%2fd3-scale set size:undefined disposed:false
135 http fetch GET 200 https://registry.npmjs.org/@types%2fd3-shape 45ms (cache miss)
136 silly packumentCache full:https://registry.npmjs.org/@types%2fd3-shape set size:undefined disposed:false
137 http fetch GET 200 https://registry.npmjs.org/@types%2fd3-timer 34ms (cache miss)
138 silly packumentCache full:https://registry.npmjs.org/@types%2fd3-timer set size:undefined disposed:false
139 http fetch GET 200 https://registry.npmjs.org/d3-scale 95ms (cache miss)
140 silly packumentCache full:https://registry.npmjs.org/d3-scale set size:undefined disposed:false
141 http fetch GET 200 https://registry.npmjs.org/@types%2fd3-interpolate 41ms (cache miss)
142 silly packumentCache full:https://registry.npmjs.org/@types%2fd3-interpolate set size:undefined disposed:false
143 silly placeDep ROOT @standard-schema/spec@1.1.0 OK for: @reduxjs/toolkit@2.11.2 want: ^1.0.0
144 silly placeDep ROOT @standard-schema/utils@0.3.0 OK for: @reduxjs/toolkit@2.11.2 want: ^0.3.0
145 silly placeDep node_modules/@reduxjs/toolkit immer@11.1.4 OK for: @reduxjs/toolkit@2.11.2 want: ^11.0.0
146 silly placeDep ROOT redux@5.0.1 OK for: @reduxjs/toolkit@2.11.2 want: ^5.0.1
147 silly placeDep ROOT redux-thunk@3.1.0 OK for: @reduxjs/toolkit@2.11.2 want: ^3.1.0
148 silly placeDep ROOT @types/use-sync-external-store@0.0.6 OK for: react-redux@9.2.0 want: ^0.0.6
149 silly placeDep ROOT @types/d3-array@3.2.2 OK for: victory-vendor@37.3.6 want: ^3.0.3
150 silly placeDep ROOT @types/d3-ease@3.0.2 OK for: victory-vendor@37.3.6 want: ^3.0.0
151 silly placeDep ROOT @types/d3-interpolate@3.0.4 OK for: victory-vendor@37.3.6 want: ^3.0.1
152 silly placeDep ROOT @types/d3-scale@4.0.9 OK for: victory-vendor@37.3.6 want: ^4.0.2
153 silly placeDep ROOT @types/d3-shape@3.1.8 OK for: victory-vendor@37.3.6 want: ^3.1.0
154 silly placeDep ROOT @types/d3-time@3.0.4 OK for: victory-vendor@37.3.6 want: ^3.0.0
155 silly placeDep ROOT @types/d3-timer@3.0.2 OK for: victory-vendor@37.3.6 want: ^3.0.0
156 silly placeDep ROOT d3-array@3.2.4 OK for: victory-vendor@37.3.6 want: ^3.1.6
157 silly placeDep ROOT d3-ease@3.0.1 OK for: victory-vendor@37.3.6 want: ^3.0.1
158 silly placeDep ROOT d3-interpolate@3.0.1 OK for: victory-vendor@37.3.6 want: ^3.0.1
159 silly placeDep ROOT d3-scale@4.0.2 OK for: victory-vendor@37.3.6 want: ^4.0.2
160 silly placeDep ROOT d3-shape@3.2.0 OK for: victory-vendor@37.3.6 want: ^3.1.0
161 silly placeDep ROOT d3-time@3.1.0 OK for: victory-vendor@37.3.6 want: ^3.0.0
162 silly placeDep ROOT d3-timer@3.0.1 OK for: victory-vendor@37.3.6 want: ^3.0.1
163 silly fetch manifest @types/d3-color@*
164 silly packumentCache full:https://registry.npmjs.org/@types%2fd3-color cache-miss
165 silly fetch manifest @types/d3-time@*
166 silly packumentCache full:https://registry.npmjs.org/@types%2fd3-time cache-miss
167 silly fetch manifest @types/d3-path@*
168 silly packumentCache full:https://registry.npmjs.org/@types%2fd3-path cache-miss
169 silly fetch manifest internmap@1 - 2
170 silly packumentCache full:https://registry.npmjs.org/internmap cache-miss
171 silly fetch manifest d3-color@1 - 3
172 silly packumentCache full:https://registry.npmjs.org/d3-color cache-miss
173 silly fetch manifest d3-format@1 - 3
174 silly packumentCache full:https://registry.npmjs.org/d3-format cache-miss
175 silly fetch manifest d3-time@2.1.1 - 3
176 silly packumentCache full:https://registry.npmjs.org/d3-time cache-miss
177 silly fetch manifest d3-time-format@2 - 4
178 silly packumentCache full:https://registry.npmjs.org/d3-time-format cache-miss
179 silly fetch manifest d3-path@^3.1.0
180 silly packumentCache full:https://registry.npmjs.org/d3-path cache-miss
181 http cache https://registry.npmjs.org/d3-time 2ms (cache hit)
182 silly packumentCache full:https://registry.npmjs.org/d3-time set size:150406 disposed:false
183 http cache https://registry.npmjs.org/@types%2fd3-time 3ms (cache hit)
184 silly packumentCache full:https://registry.npmjs.org/@types%2fd3-time set size:52652 disposed:false
185 http fetch GET 200 https://registry.npmjs.org/internmap 32ms (cache miss)
186 silly packumentCache full:https://registry.npmjs.org/internmap set size:undefined disposed:false
187 http fetch GET 200 https://registry.npmjs.org/d3-path 32ms (cache miss)
188 silly packumentCache full:https://registry.npmjs.org/d3-path set size:undefined disposed:false
189 http fetch GET 200 https://registry.npmjs.org/d3-time-format 35ms (cache miss)
190 silly packumentCache full:https://registry.npmjs.org/d3-time-format set size:undefined disposed:false
191 http fetch GET 200 https://registry.npmjs.org/@types%2fd3-path 41ms (cache miss)
192 silly packumentCache full:https://registry.npmjs.org/@types%2fd3-path set size:undefined disposed:false
193 http fetch GET 200 https://registry.npmjs.org/d3-color 40ms (cache miss)
194 silly packumentCache full:https://registry.npmjs.org/d3-color set size:undefined disposed:false
195 http fetch GET 200 https://registry.npmjs.org/d3-format 42ms (cache miss)
196 silly packumentCache full:https://registry.npmjs.org/d3-format set size:undefined disposed:false
197 http fetch GET 200 https://registry.npmjs.org/@types%2fd3-color 44ms (cache miss)
198 silly packumentCache full:https://registry.npmjs.org/@types%2fd3-color set size:undefined disposed:false
199 silly placeDep ROOT @types/d3-color@3.1.3 OK for: @types/d3-interpolate@3.0.4 want: *
200 silly placeDep ROOT @types/d3-path@3.1.1 OK for: @types/d3-shape@3.1.8 want: *
201 silly placeDep ROOT internmap@2.0.3 OK for: d3-array@3.2.4 want: 1 - 2
202 silly placeDep ROOT d3-color@3.1.0 OK for: d3-interpolate@3.0.1 want: 1 - 3
203 silly placeDep ROOT d3-format@3.1.2 OK for: d3-scale@4.0.2 want: 1 - 3
204 silly placeDep ROOT d3-time-format@4.1.0 OK for: d3-scale@4.0.2 want: 2 - 4
205 silly placeDep ROOT d3-path@3.1.0 OK for: d3-shape@3.2.0 want: ^3.1.0
206 silly reify moves {}
207 silly audit bulk request {
207 silly audit   '@alloc/quick-lru': [ '5.2.0' ],
207 silly audit   '@antfu/ni': [ '25.0.0' ],
207 silly audit   '@babel/code-frame': [ '7.29.0' ],
207 silly audit   '@babel/compat-data': [ '7.29.0' ],
207 silly audit   '@babel/core': [ '7.29.0' ],
207 silly audit   '@babel/generator': [ '7.29.1' ],
207 silly audit   '@babel/helper-annotate-as-pure': [ '7.27.3' ],
207 silly audit   '@babel/helper-compilation-targets': [ '7.28.6' ],
207 silly audit   '@babel/helper-create-class-features-plugin': [ '7.28.6' ],
207 silly audit   '@babel/helper-globals': [ '7.28.0' ],
207 silly audit   '@babel/helper-member-expression-to-functions': [ '7.28.5' ],
207 silly audit   '@babel/helper-module-imports': [ '7.28.6' ],
207 silly audit   '@babel/helper-module-transforms': [ '7.28.6' ],
207 silly audit   '@babel/helper-optimise-call-expression': [ '7.27.1' ],
207 silly audit   '@babel/helper-plugin-utils': [ '7.28.6' ],
207 silly audit   '@babel/helper-replace-supers': [ '7.28.6' ],
207 silly audit   '@babel/helper-skip-transparent-expression-wrappers': [ '7.27.1' ],
207 silly audit   '@babel/helper-string-parser': [ '7.27.1' ],
207 silly audit   '@babel/helper-validator-identifier': [ '7.28.5' ],
207 silly audit   '@babel/helper-validator-option': [ '7.27.1' ],
207 silly audit   '@babel/helpers': [ '7.28.6' ],
207 silly audit   '@babel/parser': [ '7.29.0' ],
207 silly audit   '@babel/plugin-syntax-jsx': [ '7.28.6' ],
207 silly audit   '@babel/plugin-syntax-typescript': [ '7.28.6' ],
207 silly audit   '@babel/plugin-transform-modules-commonjs': [ '7.28.6' ],
207 silly audit   '@babel/plugin-transform-typescript': [ '7.28.6' ],
207 silly audit   '@babel/preset-typescript': [ '7.28.5' ],
207 silly audit   '@babel/template': [ '7.28.6' ],
207 silly audit   '@babel/traverse': [ '7.29.0' ],
207 silly audit   '@babel/types': [ '7.29.0' ],
207 silly audit   '@dotenvx/dotenvx': [ '1.52.0' ],
207 silly audit   commander: [ '11.1.0', '14.0.3' ],
207 silly audit   execa: [ '5.1.1', '9.6.1' ],
207 silly audit   'get-stream': [ '6.0.1', '9.0.1' ],
207 silly audit   'human-signals': [ '2.1.0', '8.0.1' ],
207 silly audit   'is-stream': [ '2.0.1', '4.0.1' ],
207 silly audit   isexe: [ '3.1.5', '2.0.0' ],
207 silly audit   'npm-run-path': [ '4.0.1', '6.0.0' ],
207 silly audit   onetime: [ '5.1.2', '7.0.0' ],
207 silly audit   'signal-exit': [ '3.0.7', '4.1.0' ],
207 silly audit   'strip-final-newline': [ '2.0.0', '4.0.0' ],
207 silly audit   which: [ '4.0.0', '2.0.2' ],
207 silly audit   '@ecies/ciphers': [ '0.2.5' ],
207 silly audit   '@emnapi/core': [ '1.8.1' ],
207 silly audit   '@emnapi/runtime': [ '1.8.1' ],
207 silly audit   '@emnapi/wasi-threads': [ '1.1.0' ],
207 silly audit   '@eslint-community/eslint-utils': [ '4.9.1' ],
207 silly audit   'eslint-visitor-keys': [ '3.4.3', '5.0.1', '4.2.1' ],
207 silly audit   '@eslint-community/regexpp': [ '4.12.2' ],
207 silly audit   '@eslint/config-array': [ '0.21.1' ],
207 silly audit   '@eslint/config-helpers': [ '0.4.2' ],
207 silly audit   '@eslint/core': [ '0.17.0' ],
207 silly audit   '@eslint/eslintrc': [ '3.3.4' ],
207 silly audit   '@eslint/js': [ '9.39.3' ],
207 silly audit   '@eslint/object-schema': [ '2.1.7' ],
207 silly audit   '@eslint/plugin-kit': [ '0.4.1' ],
207 silly audit   '@floating-ui/core': [ '1.7.4' ],
207 silly audit   '@floating-ui/dom': [ '1.7.5' ],
207 silly audit   '@floating-ui/react-dom': [ '2.1.7' ],
207 silly audit   '@floating-ui/utils': [ '0.2.10' ],
207 silly audit   '@hono/node-server': [ '1.19.9' ],
207 silly audit   '@humanfs/core': [ '0.19.1' ],
207 silly audit   '@humanfs/node': [ '0.16.7' ],
207 silly audit   '@humanwhocodes/module-importer': [ '1.0.1' ],
207 silly audit   '@humanwhocodes/retry': [ '0.4.3' ],
207 silly audit   '@img/colour': [ '1.0.0' ],
207 silly audit   '@img/sharp-darwin-arm64': [ '0.34.5' ],
207 silly audit   '@img/sharp-darwin-x64': [ '0.34.5' ],
207 silly audit   '@img/sharp-libvips-darwin-arm64': [ '1.2.4' ],
207 silly audit   '@img/sharp-libvips-darwin-x64': [ '1.2.4' ],
207 silly audit   '@img/sharp-libvips-linux-arm': [ '1.2.4' ],
207 silly audit   '@img/sharp-libvips-linux-arm64': [ '1.2.4' ],
207 silly audit   '@img/sharp-libvips-linux-ppc64': [ '1.2.4' ],
207 silly audit   '@img/sharp-libvips-linux-riscv64': [ '1.2.4' ],
207 silly audit   '@img/sharp-libvips-linux-s390x': [ '1.2.4' ],
207 silly audit   '@img/sharp-libvips-linux-x64': [ '1.2.4' ],
207 silly audit   '@img/sharp-libvips-linuxmusl-arm64': [ '1.2.4' ],
207 silly audit   '@img/sharp-libvips-linuxmusl-x64': [ '1.2.4' ],
207 silly audit   '@img/sharp-linux-arm': [ '0.34.5' ],
207 silly audit   '@img/sharp-linux-arm64': [ '0.34.5' ],
207 silly audit   '@img/sharp-linux-ppc64': [ '0.34.5' ],
207 silly audit   '@img/sharp-linux-riscv64': [ '0.34.5' ],
207 silly audit   '@img/sharp-linux-s390x': [ '0.34.5' ],
207 silly audit   '@img/sharp-linux-x64': [ '0.34.5' ],
207 silly audit   '@img/sharp-linuxmusl-arm64': [ '0.34.5' ],
207 silly audit   '@img/sharp-linuxmusl-x64': [ '0.34.5' ],
207 silly audit   '@img/sharp-wasm32': [ '0.34.5' ],
207 silly audit   '@img/sharp-win32-arm64': [ '0.34.5' ],
207 silly audit   '@img/sharp-win32-ia32': [ '0.34.5' ],
207 silly audit   '@img/sharp-win32-x64': [ '0.34.5' ],
207 silly audit   '@inquirer/ansi': [ '1.0.2' ],
207 silly audit   '@inquirer/confirm': [ '5.1.21' ],
207 silly audit   '@inquirer/core': [ '10.3.2' ],
207 silly audit   '@inquirer/figures': [ '1.0.15' ],
207 silly audit   '@inquirer/type': [ '3.0.10' ],
207 silly audit   '@jridgewell/gen-mapping': [ '0.3.13' ],
207 silly audit   '@jridgewell/remapping': [ '2.3.5' ],
207 silly audit   '@jridgewell/resolve-uri': [ '3.1.2' ],
207 silly audit   '@jridgewell/sourcemap-codec': [ '1.5.5' ],
207 silly audit   '@jridgewell/trace-mapping': [ '0.3.31' ],
207 silly audit   '@modelcontextprotocol/sdk': [ '1.27.1' ],
207 silly audit   ajv: [ '8.18.0', '6.14.0' ],
207 silly audit   'json-schema-traverse': [ '1.0.0', '0.4.1' ],
207 silly audit   '@mswjs/interceptors': [ '0.41.3' ],
207 silly audit   '@napi-rs/wasm-runtime': [ '0.2.12' ],
207 silly audit   '@next/env': [ '16.1.6' ],
207 silly audit   '@next/eslint-plugin-next': [ '16.1.6' ],
207 silly audit   '@next/swc-darwin-arm64': [ '16.1.6' ],
207 silly audit   '@next/swc-darwin-x64': [ '16.1.6' ],
207 silly audit   '@next/swc-linux-arm64-gnu': [ '16.1.6' ],
207 silly audit   '@next/swc-linux-arm64-musl': [ '16.1.6' ],
207 silly audit   '@next/swc-linux-x64-gnu': [ '16.1.6' ],
207 silly audit   '@next/swc-linux-x64-musl': [ '16.1.6' ],
207 silly audit   '@next/swc-win32-arm64-msvc': [ '16.1.6' ],
207 silly audit   '@next/swc-win32-x64-msvc': [ '16.1.6' ],
207 silly audit   '@noble/ciphers': [ '1.3.0' ],
207 silly audit   '@noble/curves': [ '1.9.7' ],
207 silly audit   '@noble/hashes': [ '1.8.0' ],
207 silly audit   '@nodelib/fs.scandir': [ '2.1.5' ],
207 silly audit   '@nodelib/fs.stat': [ '2.0.5' ],
207 silly audit   '@nodelib/fs.walk': [ '1.2.8' ],
207 silly audit   '@nolyfill/is-core-module': [ '1.0.39' ],
207 silly audit   '@open-draft/deferred-promise': [ '2.2.0' ],
207 silly audit   '@open-draft/logger': [ '0.3.0' ],
207 silly audit   '@open-draft/until': [ '2.1.0' ],
207 silly audit   '@radix-ui/number': [ '1.1.1' ],
207 silly audit   '@radix-ui/primitive': [ '1.1.3' ],
207 silly audit   '@radix-ui/react-accessible-icon': [ '1.1.7' ],
207 silly audit   '@radix-ui/react-accordion': [ '1.2.12' ],
207 silly audit   '@radix-ui/react-alert-dialog': [ '1.1.15' ],
207 silly audit   '@radix-ui/react-arrow': [ '1.1.7' ],
207 silly audit   '@radix-ui/react-aspect-ratio': [ '1.1.7' ],
207 silly audit   '@radix-ui/react-avatar': [ '1.1.10' ],
207 silly audit   '@radix-ui/react-checkbox': [ '1.3.3' ],
207 silly audit   '@radix-ui/react-collapsible': [ '1.1.12' ],
207 silly audit   '@radix-ui/react-collection': [ '1.1.7' ],
207 silly audit   '@radix-ui/react-compose-refs': [ '1.1.2' ],
207 silly audit   '@radix-ui/react-context': [ '1.1.2' ],
207 silly audit   '@radix-ui/react-context-menu': [ '2.2.16' ],
207 silly audit   '@radix-ui/react-dialog': [ '1.1.15' ],
207 silly audit   '@radix-ui/react-direction': [ '1.1.1' ],
207 silly audit   '@radix-ui/react-dismissable-layer': [ '1.1.11' ],
207 silly audit   '@radix-ui/react-dropdown-menu': [ '2.1.16' ],
207 silly audit   '@radix-ui/react-focus-guards': [ '1.1.3' ],
207 silly audit   '@radix-ui/react-focus-scope': [ '1.1.7' ],
207 silly audit   '@radix-ui/react-form': [ '0.1.8' ],
207 silly audit   '@radix-ui/react-hover-card': [ '1.1.15' ],
207 silly audit   '@radix-ui/react-id': [ '1.1.1' ],
207 silly audit   '@radix-ui/react-label': [ '2.1.7' ],
207 silly audit   '@radix-ui/react-menu': [ '2.1.16' ],
207 silly audit   '@radix-ui/react-menubar': [ '1.1.16' ],
207 silly audit   '@radix-ui/react-navigation-menu': [ '1.2.14' ],
207 silly audit   '@radix-ui/react-one-time-password-field': [ '0.1.8' ],
207 silly audit   '@radix-ui/react-password-toggle-field': [ '0.1.3' ],
207 silly audit   '@radix-ui/react-popover': [ '1.1.15' ],
207 silly audit   '@radix-ui/react-popper': [ '1.2.8' ],
207 silly audit   '@radix-ui/react-portal': [ '1.1.9' ],
207 silly audit   '@radix-ui/react-presence': [ '1.1.5' ],
207 silly audit   '@radix-ui/react-primitive': [ '2.1.3' ],
207 silly audit   '@radix-ui/react-progress': [ '1.1.7' ],
207 silly audit   '@radix-ui/react-radio-group': [ '1.3.8' ],
207 silly audit   '@radix-ui/react-roving-focus': [ '1.1.11' ],
207 silly audit   '@radix-ui/react-scroll-area': [ '1.2.10' ],
207 silly audit   '@radix-ui/react-select': [ '2.2.6' ],
207 silly audit   '@radix-ui/react-separator': [ '1.1.7' ],
207 silly audit   '@radix-ui/react-slider': [ '1.3.6' ],
207 silly audit   '@radix-ui/react-slot': [ '1.2.3' ],
207 silly audit   '@radix-ui/react-switch': [ '1.2.6' ],
207 silly audit   '@radix-ui/react-tabs': [ '1.1.13' ],
207 silly audit   '@radix-ui/react-toast': [ '1.2.15' ],
207 silly audit   '@radix-ui/react-toggle': [ '1.1.10' ],
207 silly audit   '@radix-ui/react-toggle-group': [ '1.1.11' ],
207 silly audit   '@radix-ui/react-toolbar': [ '1.1.11' ],
207 silly audit   '@radix-ui/react-tooltip': [ '1.2.8' ],
207 silly audit   '@radix-ui/react-use-callback-ref': [ '1.1.1' ],
207 silly audit   '@radix-ui/react-use-controllable-state': [ '1.2.2' ],
207 silly audit   '@radix-ui/react-use-effect-event': [ '0.0.2' ],
207 silly audit   '@radix-ui/react-use-escape-keydown': [ '1.1.1' ],
207 silly audit   '@radix-ui/react-use-is-hydrated': [ '0.1.0' ],
207 silly audit   '@radix-ui/react-use-layout-effect': [ '1.1.1' ],
207 silly audit   '@radix-ui/react-use-previous': [ '1.1.1' ],
207 silly audit   '@radix-ui/react-use-rect': [ '1.1.1' ],
207 silly audit   '@radix-ui/react-use-size': [ '1.1.1' ],
207 silly audit   '@radix-ui/react-visually-hidden': [ '1.2.3' ],
207 silly audit   '@radix-ui/rect': [ '1.1.1' ],
207 silly audit   '@rtsao/scc': [ '1.1.0' ],
207 silly audit   '@sec-ant/readable-stream': [ '0.4.1' ],
207 silly audit   '@sindresorhus/merge-streams': [ '4.0.0' ],
207 silly audit   '@swc/helpers': [ '0.5.15' ],
207 silly audit   '@tailwindcss/node': [ '4.2.1' ],
207 silly audit   '@tailwindcss/oxide': [ '4.2.1' ],
207 silly audit   '@tailwindcss/oxide-android-arm64': [ '4.2.1' ],
207 silly audit   '@tailwindcss/oxide-darwin-arm64': [ '4.2.1' ],
207 silly audit   '@tailwindcss/oxide-darwin-x64': [ '4.2.1' ],
207 silly audit   '@tailwindcss/oxide-freebsd-x64': [ '4.2.1' ],
207 silly audit   '@tailwindcss/oxide-linux-arm-gnueabihf': [ '4.2.1' ],
207 silly audit   '@tailwindcss/oxide-linux-arm64-gnu': [ '4.2.1' ],
207 silly audit   '@tailwindcss/oxide-linux-arm64-musl': [ '4.2.1' ],
207 silly audit   '@tailwindcss/oxide-linux-x64-gnu': [ '4.2.1' ],
207 silly audit   '@tailwindcss/oxide-linux-x64-musl': [ '4.2.1' ],
207 silly audit   '@tailwindcss/oxide-wasm32-wasi': [ '4.2.1' ],
207 silly audit   '@tailwindcss/oxide-win32-arm64-msvc': [ '4.2.1' ],
207 silly audit   '@tailwindcss/oxide-win32-x64-msvc': [ '4.2.1' ],
207 silly audit   '@tailwindcss/postcss': [ '4.2.1' ],
207 silly audit   '@ts-morph/common': [ '0.27.0' ],
207 silly audit   'balanced-match': [ '4.0.4', '1.0.2' ],
207 silly audit   'brace-expansion': [ '5.0.3', '1.1.12' ],
207 silly audit   'fast-glob': [ '3.3.3', '3.3.1' ],
207 silly audit   'glob-parent': [ '5.1.2', '6.0.2' ],
207 silly audit   minimatch: [ '10.2.4', '3.1.5' ],
207 silly audit   '@tybys/wasm-util': [ '0.10.1' ],
207 silly audit   '@types/estree': [ '1.0.8' ],
207 silly audit   '@types/json-schema': [ '7.0.15' ],
207 silly audit   '@types/json5': [ '0.0.29' ],
207 silly audit   '@types/node': [ '20.19.34' ],
207 silly audit   '@types/react': [ '19.2.14' ],
207 silly audit   '@types/react-dom': [ '19.2.3' ],
207 silly audit   '@types/statuses': [ '2.0.6' ],
207 silly audit   '@types/validate-npm-package-name': [ '4.0.2' ],
207 silly audit   '@typescript-eslint/eslint-plugin': [ '8.56.1' ],
207 silly audit   ignore: [ '7.0.5', '5.3.2' ],
207 silly audit   '@typescript-eslint/parser': [ '8.56.1' ],
207 silly audit   '@typescript-eslint/project-service': [ '8.56.1' ],
207 silly audit   '@typescript-eslint/scope-manager': [ '8.56.1' ],
207 silly audit   '@typescript-eslint/tsconfig-utils': [ '8.56.1' ],
207 silly audit   '@typescript-eslint/type-utils': [ '8.56.1' ],
207 silly audit   '@typescript-eslint/types': [ '8.56.1' ],
207 silly audit   '@typescript-eslint/typescript-estree': [ '8.56.1' ],
207 silly audit   semver: [ '7.7.4', '6.3.1' ],
207 silly audit   '@typescript-eslint/utils': [ '8.56.1' ],
207 silly audit   '@typescript-eslint/visitor-keys': [ '8.56.1' ],
207 silly audit   '@unrs/resolver-binding-android-arm-eabi': [ '1.11.1' ],
207 silly audit   '@unrs/resolver-binding-android-arm64': [ '1.11.1' ],
207 silly audit   '@unrs/resolver-binding-darwin-arm64': [ '1.11.1' ],
207 silly audit   '@unrs/resolver-binding-darwin-x64': [ '1.11.1' ],
207 silly audit   '@unrs/resolver-binding-freebsd-x64': [ '1.11.1' ],
207 silly audit   '@unrs/resolver-binding-linux-arm-gnueabihf': [ '1.11.1' ],
207 silly audit   '@unrs/resolver-binding-linux-arm-musleabihf': [ '1.11.1' ],
207 silly audit   '@unrs/resolver-binding-linux-arm64-gnu': [ '1.11.1' ],
207 silly audit   '@unrs/resolver-binding-linux-arm64-musl': [ '1.11.1' ],
207 silly audit   '@unrs/resolver-binding-linux-ppc64-gnu': [ '1.11.1' ],
207 silly audit   '@unrs/resolver-binding-linux-riscv64-gnu': [ '1.11.1' ],
207 silly audit   '@unrs/resolver-binding-linux-riscv64-musl': [ '1.11.1' ],
207 silly audit   '@unrs/resolver-binding-linux-s390x-gnu': [ '1.11.1' ],
207 silly audit   '@unrs/resolver-binding-linux-x64-gnu': [ '1.11.1' ],
207 silly audit   '@unrs/resolver-binding-linux-x64-musl': [ '1.11.1' ],
207 silly audit   '@unrs/resolver-binding-wasm32-wasi': [ '1.11.1' ],
207 silly audit   '@unrs/resolver-binding-win32-arm64-msvc': [ '1.11.1' ],
207 silly audit   '@unrs/resolver-binding-win32-ia32-msvc': [ '1.11.1' ],
207 silly audit   '@unrs/resolver-binding-win32-x64-msvc': [ '1.11.1' ],
207 silly audit   accepts: [ '2.0.0' ],
207 silly audit   acorn: [ '8.16.0' ],
207 silly audit   'acorn-jsx': [ '5.3.2' ],
207 silly audit   'agent-base': [ '7.1.4' ],
207 silly audit   'ajv-formats': [ '3.0.1' ],
207 silly audit   'ansi-regex': [ '6.2.2', '5.0.1' ],
207 silly audit   'ansi-styles': [ '4.3.0' ],
207 silly audit   ansis: [ '4.2.0' ],
207 silly audit   argparse: [ '2.0.1' ],
207 silly audit   'aria-hidden': [ '1.2.6' ],
207 silly audit   'aria-query': [ '5.3.2' ],
207 silly audit   'array-buffer-byte-length': [ '1.0.2' ],
207 silly audit   'array-includes': [ '3.1.9' ],
207 silly audit   'array.prototype.findlast': [ '1.2.5' ],
207 silly audit   'array.prototype.findlastindex': [ '1.2.6' ],
207 silly audit   'array.prototype.flat': [ '1.3.3' ],
207 silly audit   'array.prototype.flatmap': [ '1.3.3' ],
207 silly audit   'array.prototype.tosorted': [ '1.1.4' ],
207 silly audit   'arraybuffer.prototype.slice': [ '1.0.4' ],
207 silly audit   'ast-types': [ '0.16.1' ],
207 silly audit   'ast-types-flow': [ '0.0.8' ],
207 silly audit   'async-function': [ '1.0.0' ],
207 silly audit   'available-typed-arrays': [ '1.0.7' ],
207 silly audit   'axe-core': [ '4.11.1' ],
207 silly audit   'axobject-query': [ '4.1.0' ],
207 silly audit   'baseline-browser-mapping': [ '2.10.0' ],
207 silly audit   'body-parser': [ '2.2.2' ],
207 silly audit   braces: [ '3.0.3' ],
207 silly audit   browserslist: [ '4.28.1' ],
207 silly audit   'bundle-name': [ '4.1.0' ],
207 silly audit   bytes: [ '3.1.2' ],
207 silly audit   'call-bind': [ '1.0.8' ],
207 silly audit   'call-bind-apply-helpers': [ '1.0.2' ],
207 silly audit   'call-bound': [ '1.0.4' ],
207 silly audit   callsites: [ '3.1.0' ],
207 silly audit   'caniuse-lite': [ '1.0.30001774' ],
207 silly audit   chalk: [ '4.1.2', '5.6.2' ],
207 silly audit   'class-variance-authority': [ '0.7.1' ],
207 silly audit   'cli-cursor': [ '5.0.0' ],
207 silly audit   'cli-spinners': [ '2.9.2' ],
207 silly audit   'cli-width': [ '4.1.0' ],
207 silly audit   'client-only': [ '0.0.1' ],
207 silly audit   cliui: [ '8.0.1' ],
207 silly audit   'emoji-regex': [ '8.0.0', '9.2.2', '10.6.0' ],
207 silly audit   'string-width': [ '4.2.3', '7.2.0' ],
207 silly audit   'strip-ansi': [ '6.0.1', '7.2.0' ],
207 silly audit   'wrap-ansi': [ '7.0.0', '6.2.0' ],
207 silly audit   clsx: [ '2.1.1' ],
207 silly audit   'code-block-writer': [ '13.0.3' ],
207 silly audit   'color-convert': [ '2.0.1' ],
207 silly audit   'color-name': [ '1.1.4' ],
207 silly audit   'concat-map': [ '0.0.1' ],
207 silly audit   'content-disposition': [ '1.0.1' ],
207 silly audit   'content-type': [ '1.0.5' ],
207 silly audit   'convert-source-map': [ '2.0.0' ],
207 silly audit   cookie: [ '0.7.2', '1.1.1' ],
207 silly audit   'cookie-signature': [ '1.2.2' ],
207 silly audit   cors: [ '2.8.6' ],
207 silly audit   cosmiconfig: [ '9.0.0' ],
207 silly audit   'cross-spawn': [ '7.0.6' ],
207 silly audit   cssesc: [ '3.0.0' ],
207 silly audit   csstype: [ '3.2.3' ],
207 silly audit   'damerau-levenshtein': [ '1.0.8' ],
207 silly audit   'data-uri-to-buffer': [ '4.0.1' ],
207 silly audit   'data-view-buffer': [ '1.0.2' ],
207 silly audit   'data-view-byte-length': [ '1.0.2' ],
207 silly audit   'data-view-byte-offset': [ '1.0.1' ],
207 silly audit   debug: [ '4.4.3', '3.2.7' ],
207 silly audit   dedent: [ '1.7.1' ],
207 silly audit   'deep-is': [ '0.1.4' ],
207 silly audit   deepmerge: [ '4.3.1' ],
207 silly audit   'default-browser': [ '5.5.0' ],
207 silly audit   'default-browser-id': [ '5.0.1' ],
207 silly audit   'define-data-property': [ '1.1.4' ],
207 silly audit   'define-lazy-prop': [ '3.0.0' ],
207 silly audit   'define-properties': [ '1.2.1' ],
207 silly audit   depd: [ '2.0.0' ],
207 silly audit   'detect-libc': [ '2.1.2' ],
207 silly audit   'detect-node-es': [ '1.1.0' ],
207 silly audit   diff: [ '8.0.3' ],
207 silly audit   doctrine: [ '2.1.0' ],
207 silly audit   dotenv: [ '17.3.1' ],
207 silly audit   'dunder-proto': [ '1.0.1' ],
207 silly audit   eciesjs: [ '0.4.17' ],
207 silly audit   'ee-first': [ '1.1.1' ],
207 silly audit   'electron-to-chromium': [ '1.5.302' ],
207 silly audit   encodeurl: [ '2.0.0' ],
207 silly audit   'enhanced-resolve': [ '5.19.0' ],
207 silly audit   'env-paths': [ '2.2.1' ],
207 silly audit   'error-ex': [ '1.3.4' ],
207 silly audit   'es-abstract': [ '1.24.1' ],
207 silly audit   'es-define-property': [ '1.0.1' ],
207 silly audit   'es-errors': [ '1.3.0' ],
207 silly audit   'es-iterator-helpers': [ '1.2.2' ],
207 silly audit   'es-object-atoms': [ '1.1.1' ],
207 silly audit   'es-set-tostringtag': [ '2.1.0' ],
207 silly audit   'es-shim-unscopables': [ '1.1.0' ],
207 silly audit   'es-to-primitive': [ '1.3.0' ],
207 silly audit   escalade: [ '3.2.0' ],
207 silly audit   'escape-html': [ '1.0.3' ],
207 silly audit   'escape-string-regexp': [ '4.0.0' ],
207 silly audit   eslint: [ '9.39.3' ],
207 silly audit   'eslint-config-next': [ '16.1.6' ],
207 silly audit   globals: [ '16.4.0', '14.0.0' ],
207 silly audit   'eslint-import-resolver-node': [ '0.3.9' ],
207 silly audit   'eslint-import-resolver-typescript': [ '3.10.1' ],
207 silly audit   'eslint-module-utils': [ '2.12.1' ],
207 silly audit   'eslint-plugin-import': [ '2.32.0' ],
207 silly audit   'eslint-plugin-jsx-a11y': [ '6.10.2' ],
207 silly audit   'eslint-plugin-react': [ '7.37.5' ],
207 silly audit   'eslint-plugin-react-hooks': [ '7.0.1' ],
207 silly audit   resolve: [ '2.0.0-next.6', '1.22.11' ],
207 silly audit   'eslint-scope': [ '8.4.0' ],
207 silly audit   espree: [ '10.4.0' ],
207 silly audit   esprima: [ '4.0.1' ],
207 silly audit   esquery: [ '1.7.0' ],
207 silly audit   esrecurse: [ '4.3.0' ],
207 silly audit   estraverse: [ '5.3.0' ],
207 silly audit   esutils: [ '2.0.3' ],
207 silly audit   etag: [ '1.8.1' ],
207 silly audit   eventsource: [ '3.0.7' ],
207 silly audit   'eventsource-parser': [ '3.0.6' ],
207 silly audit   express: [ '5.2.1' ],
207 silly audit   'express-rate-limit': [ '8.2.1' ],
207 silly audit   'fast-deep-equal': [ '3.1.3' ],
207 silly audit   'fast-json-stable-stringify': [ '2.1.0' ],
207 silly audit   'fast-levenshtein': [ '2.0.6' ],
207 silly audit   'fast-uri': [ '3.1.0' ],
207 silly audit   fastq: [ '1.20.1' ],
207 silly audit   fdir: [ '6.5.0' ],
207 silly audit   'fetch-blob': [ '3.2.0' ],
207 silly audit   figures: [ '6.1.0' ],
207 silly audit   'file-entry-cache': [ '8.0.0' ],
207 silly audit   'fill-range': [ '7.1.1' ],
207 silly audit   finalhandler: [ '2.1.1' ],
207 silly audit   'find-up': [ '5.0.0' ],
207 silly audit   'flat-cache': [ '4.0.1' ],
207 silly audit   flatted: [ '3.3.3' ],
207 silly audit   'for-each': [ '0.3.5' ],
207 silly audit   'formdata-polyfill': [ '4.0.10' ],
207 silly audit   forwarded: [ '0.2.0' ],
207 silly audit   fresh: [ '2.0.0' ],
207 silly audit   'fs-extra': [ '11.3.3' ],
207 silly audit   'function-bind': [ '1.1.2' ],
207 silly audit   'function.prototype.name': [ '1.1.8' ],
207 silly audit   'functions-have-names': [ '1.2.3' ],
207 silly audit   fuzzysort: [ '3.1.0' ],
207 silly audit   fzf: [ '0.5.2' ],
207 silly audit   'generator-function': [ '2.0.1' ],
207 silly audit   gensync: [ '1.0.0-beta.2' ],
207 silly audit   'get-caller-file': [ '2.0.5' ],
207 silly audit   'get-east-asian-width': [ '1.5.0' ],
207 silly audit   'get-intrinsic': [ '1.3.0' ],
207 silly audit   'get-nonce': [ '1.0.1' ],
207 silly audit   'get-own-enumerable-keys': [ '1.0.0' ],
207 silly audit   'get-proto': [ '1.0.1' ],
207 silly audit   'get-symbol-description': [ '1.1.0' ],
207 silly audit   'get-tsconfig': [ '4.13.6' ],
207 silly audit   globalthis: [ '1.0.4' ],
207 silly audit   gopd: [ '1.2.0' ],
207 silly audit   'graceful-fs': [ '4.2.11' ],
207 silly audit   graphql: [ '16.13.0' ],
207 silly audit   'has-bigints': [ '1.1.0' ],
207 silly audit   'has-flag': [ '4.0.0' ],
207 silly audit   'has-property-descriptors': [ '1.0.2' ],
207 silly audit   'has-proto': [ '1.2.0' ],
207 silly audit   'has-symbols': [ '1.1.0' ],
207 silly audit   'has-tostringtag': [ '1.0.2' ],
207 silly audit   hasown: [ '2.0.2' ],
207 silly audit   'headers-polyfill': [ '4.0.3' ],
207 silly audit   'hermes-estree': [ '0.25.1' ],
207 silly audit   'hermes-parser': [ '0.25.1' ],
207 silly audit   hono: [ '4.12.3' ],
207 silly audit   'http-errors': [ '2.0.1' ],
207 silly audit   'https-proxy-agent': [ '7.0.6' ],
207 silly audit   'iconv-lite': [ '0.7.2' ],
207 silly audit   'import-fresh': [ '3.3.1' ],
207 silly audit   imurmurhash: [ '0.1.4' ],
207 silly audit   inherits: [ '2.0.4' ],
207 silly audit   'internal-slot': [ '1.1.0' ],
207 silly audit   'ip-address': [ '10.0.1' ],
207 silly audit   'ipaddr.js': [ '1.9.1' ],
207 silly audit   'is-array-buffer': [ '3.0.5' ],
207 silly audit   'is-arrayish': [ '0.2.1' ],
207 silly audit   'is-async-function': [ '2.1.1' ],
207 silly audit   'is-bigint': [ '1.1.0' ],
207 silly audit   'is-boolean-object': [ '1.2.2' ],
207 silly audit   'is-bun-module': [ '2.0.0' ],
207 silly audit   'is-callable': [ '1.2.7' ],
207 silly audit   'is-core-module': [ '2.16.1' ],
207 silly audit   'is-data-view': [ '1.0.2' ],
207 silly audit   'is-date-object': [ '1.1.0' ],
207 silly audit   'is-docker': [ '3.0.0' ],
207 silly audit   'is-extglob': [ '2.1.1' ],
207 silly audit   'is-finalizationregistry': [ '1.1.1' ],
207 silly audit   'is-fullwidth-code-point': [ '3.0.0' ],
207 silly audit   'is-generator-function': [ '1.1.2' ],
207 silly audit   'is-glob': [ '4.0.3' ],
207 silly audit   'is-in-ssh': [ '1.0.0' ],
207 silly audit   'is-inside-container': [ '1.0.0' ],
207 silly audit   'is-interactive': [ '2.0.0' ],
207 silly audit   'is-map': [ '2.0.3' ],
207 silly audit   'is-negative-zero': [ '2.0.3' ],
207 silly audit   'is-node-process': [ '1.2.0' ],
207 silly audit   'is-number': [ '7.0.0' ],
207 silly audit   'is-number-object': [ '1.1.1' ],
207 silly audit   'is-obj': [ '3.0.0' ],
207 silly audit   'is-plain-obj': [ '4.1.0' ],
207 silly audit   'is-promise': [ '4.0.0' ],
207 silly audit   'is-regex': [ '1.2.1' ],
207 silly audit   'is-regexp': [ '3.1.0' ],
207 silly audit   'is-set': [ '2.0.3' ],
207 silly audit   'is-shared-array-buffer': [ '1.0.4' ],
207 silly audit   'is-string': [ '1.1.1' ],
207 silly audit   'is-symbol': [ '1.1.1' ],
207 silly audit   'is-typed-array': [ '1.1.15' ],
207 silly audit   'is-unicode-supported': [ '2.1.0', '1.3.0' ],
207 silly audit   'is-weakmap': [ '2.0.2' ],
207 silly audit   'is-weakref': [ '1.1.1' ],
207 silly audit   'is-weakset': [ '2.0.4' ],
207 silly audit   'is-wsl': [ '3.1.1' ],
207 silly audit   isarray: [ '2.0.5' ],
207 silly audit   'iterator.prototype': [ '1.1.5' ],
207 silly audit   jiti: [ '2.6.1' ],
207 silly audit   jose: [ '6.1.3' ],
207 silly audit   'js-tokens': [ '4.0.0' ],
207 silly audit   'js-yaml': [ '4.1.1' ],
207 silly audit   jsesc: [ '3.1.0' ],
207 silly audit   'json-buffer': [ '3.0.1' ],
207 silly audit   'json-parse-even-better-errors': [ '2.3.1' ],
207 silly audit   'json-schema-typed': [ '8.0.2' ],
207 silly audit   'json-stable-stringify-without-jsonify': [ '1.0.1' ],
207 silly audit   json5: [ '2.2.3', '1.0.2' ],
207 silly audit   jsonfile: [ '6.2.0' ],
207 silly audit   'jsx-ast-utils': [ '3.3.5' ],
207 silly audit   keyv: [ '4.5.4' ],
207 silly audit   kleur: [ '4.1.5', '3.0.3' ],
207 silly audit   'language-subtag-registry': [ '0.3.23' ],
207 silly audit   'language-tags': [ '1.0.9' ],
207 silly audit   levn: [ '0.4.1' ],
207 silly audit   lightningcss: [ '1.31.1' ],
207 silly audit   'lightningcss-android-arm64': [ '1.31.1' ],
207 silly audit   'lightningcss-darwin-arm64': [ '1.31.1' ],
207 silly audit   'lightningcss-darwin-x64': [ '1.31.1' ],
207 silly audit   'lightningcss-freebsd-x64': [ '1.31.1' ],
207 silly audit   'lightningcss-linux-arm-gnueabihf': [ '1.31.1' ],
207 silly audit   'lightningcss-linux-arm64-gnu': [ '1.31.1' ],
207 silly audit   'lightningcss-linux-arm64-musl': [ '1.31.1' ],
207 silly audit   'lightningcss-linux-x64-gnu': [ '1.31.1' ],
207 silly audit   'lightningcss-linux-x64-musl': [ '1.31.1' ],
207 silly audit   'lightningcss-win32-arm64-msvc': [ '1.31.1' ],
207 silly audit   'lightningcss-win32-x64-msvc': [ '1.31.1' ],
207 silly audit   'lines-and-columns': [ '1.2.4' ],
207 silly audit   'locate-path': [ '6.0.0' ],
207 silly audit   'lodash.merge': [ '4.6.2' ],
207 silly audit   'log-symbols': [ '6.0.0' ],
207 silly audit   'loose-envify': [ '1.4.0' ],
207 silly audit   'lru-cache': [ '5.1.1' ],
207 silly audit   'lucide-react': [ '0.575.0' ],
207 silly audit   'magic-string': [ '0.30.21' ],
207 silly audit   'math-intrinsics': [ '1.1.0' ],
207 silly audit   'media-typer': [ '1.1.0' ],
207 silly audit   'merge-descriptors': [ '2.0.0' ],
207 silly audit   'merge-stream': [ '2.0.0' ],
207 silly audit   merge2: [ '1.4.1' ],
207 silly audit   micromatch: [ '4.0.8' ],
207 silly audit   picomatch: [ '2.3.1', '4.0.3' ],
207 silly audit   'mime-db': [ '1.54.0' ],
207 silly audit   'mime-types': [ '3.0.2' ],
207 silly audit   'mimic-fn': [ '2.1.0' ],
207 silly audit   'mimic-function': [ '5.0.1' ],
207 silly audit   minimist: [ '1.2.8' ],
207 silly audit   ms: [ '2.1.3' ],
207 silly audit   msw: [ '2.12.10' ],
207 silly audit   'mute-stream': [ '2.0.0' ],
207 silly audit   nanoid: [ '3.3.11' ],
207 silly audit   'napi-postinstall': [ '0.3.4' ],
207 silly audit   'natural-compare': [ '1.4.0' ],
207 silly audit   negotiator: [ '1.0.0' ],
207 silly audit   next: [ '16.1.6' ],
207 silly audit   postcss: [ '8.4.31', '8.5.6' ],
207 silly audit   'node-domexception': [ '1.0.0' ],
207 silly audit   'node-exports-info': [ '1.6.0' ],
207 silly audit   'node-fetch': [ '3.3.2' ],
207 silly audit   'node-releases': [ '2.0.27' ],
207 silly audit   'path-key': [ '4.0.0', '3.1.1' ],
207 silly audit   'object-assign': [ '4.1.1' ],
207 silly audit   'object-inspect': [ '1.13.4' ],
207 silly audit   'object-keys': [ '1.1.1' ],
207 silly audit   'object-treeify': [ '1.1.33' ],
207 silly audit   'object.assign': [ '4.1.7' ],
207 silly audit   'object.entries': [ '1.1.9' ],
207 silly audit   'object.fromentries': [ '2.0.8' ],
207 silly audit   'object.groupby': [ '1.0.3' ],
207 silly audit   'object.values': [ '1.2.1' ],
207 silly audit   'on-finished': [ '2.4.1' ],
207 silly audit   once: [ '1.4.0' ],
207 silly audit   open: [ '11.0.0' ],
207 silly audit   optionator: [ '0.9.4' ],
207 silly audit   ora: [ '8.2.0' ],
207 silly audit   outvariant: [ '1.4.3' ],
207 silly audit   'own-keys': [ '1.0.1' ],
207 silly audit   'p-limit': [ '3.1.0' ],
207 silly audit   'p-locate': [ '5.0.0' ],
207 silly audit   'package-manager-detector': [ '1.6.0' ],
207 silly audit   'parent-module': [ '1.0.1' ],
207 silly audit   'parse-json': [ '5.2.0' ],
207 silly audit   'parse-ms': [ '4.0.0' ],
207 silly audit   parseurl: [ '1.3.3' ],
207 silly audit   'path-browserify': [ '1.0.1' ],
207 silly audit   'path-exists': [ '4.0.0' ],
207 silly audit   'path-parse': [ '1.0.7' ],
207 silly audit   'path-to-regexp': [ '6.3.0', '8.3.0' ],
207 silly audit   picocolors: [ '1.1.1' ],
207 silly audit   'pkce-challenge': [ '5.0.1' ],
207 silly audit   'possible-typed-array-names': [ '1.1.0' ],
207 silly audit   'postcss-selector-parser': [ '7.1.1' ],
207 silly audit   'powershell-utils': [ '0.1.0' ],
207 silly audit   'prelude-ls': [ '1.2.1' ],
207 silly audit   'pretty-ms': [ '9.3.0' ],
207 silly audit   prompts: [ '2.4.2' ],
207 silly audit   'prop-types': [ '15.8.1' ],
207 silly audit   'proxy-addr': [ '2.0.7' ],
207 silly audit   punycode: [ '2.3.1' ],
207 silly audit   qs: [ '6.15.0' ],
207 silly audit   'queue-microtask': [ '1.2.3' ],
207 silly audit   'radix-ui': [ '1.4.3' ],
207 silly audit   'range-parser': [ '1.2.1' ],
207 silly audit   'raw-body': [ '3.0.2' ],
207 silly audit   react: [ '19.2.3' ],
207 silly audit   'react-dom': [ '19.2.3' ],
207 silly audit   'react-is': [ '16.13.1' ],
207 silly audit   'react-remove-scroll': [ '2.7.2' ],
207 silly audit   'react-remove-scroll-bar': [ '2.3.8' ],
207 silly audit   'react-style-singleton': [ '2.2.3' ],
207 silly audit   recast: [ '0.23.11' ],
207 silly audit   'reflect.getprototypeof': [ '1.0.10' ],
207 silly audit   'regexp.prototype.flags': [ '1.5.4' ],
207 silly audit   'require-directory': [ '2.1.1' ],
207 silly audit   'require-from-string': [ '2.0.2' ],
207 silly audit   'resolve-from': [ '4.0.0' ],
207 silly audit   'resolve-pkg-maps': [ '1.0.0' ],
207 silly audit   'restore-cursor': [ '5.1.0' ],
207 silly audit   rettime: [ '0.10.1' ],
207 silly audit   reusify: [ '1.1.0' ],
207 silly audit   router: [ '2.2.0' ],
207 silly audit   'run-applescript': [ '7.1.0' ],
207 silly audit   'run-parallel': [ '1.2.0' ],
207 silly audit   'safe-array-concat': [ '1.1.3' ],
207 silly audit   'safe-push-apply': [ '1.0.0' ],
207 silly audit   'safe-regex-test': [ '1.1.0' ],
207 silly audit   'safer-buffer': [ '2.1.2' ],
207 silly audit   scheduler: [ '0.27.0' ],
207 silly audit   send: [ '1.2.1' ],
207 silly audit   'serve-static': [ '2.2.1' ],
207 silly audit   'set-function-length': [ '1.2.2' ],
207 silly audit   'set-function-name': [ '2.0.2' ],
207 silly audit   'set-proto': [ '1.0.0' ],
207 silly audit   setprototypeof: [ '1.2.0' ],
207 silly audit   shadcn: [ '3.8.5' ],
207 silly audit   'tsconfig-paths': [ '4.2.0', '3.15.0' ],
207 silly audit   zod: [ '3.25.76', '4.3.6' ],
207 silly audit   sharp: [ '0.34.5' ],
207 silly audit   'shebang-command': [ '2.0.0' ],
207 silly audit   'shebang-regex': [ '3.0.0' ],
207 silly audit   'side-channel': [ '1.1.0' ],
207 silly audit   'side-channel-list': [ '1.0.0' ],
207 silly audit   'side-channel-map': [ '1.0.1' ],
207 silly audit   'side-channel-weakmap': [ '1.0.2' ],
207 silly audit   sisteransi: [ '1.0.5' ],
207 silly audit   'source-map': [ '0.6.1' ],
207 silly audit   'source-map-js': [ '1.2.1' ],
207 silly audit   'stable-hash': [ '0.0.5' ],
207 silly audit   statuses: [ '2.0.2' ],
207 silly audit   'stdin-discarder': [ '0.2.2' ],
207 silly audit   'stop-iteration-iterator': [ '1.1.0' ],
207 silly audit   'strict-event-emitter': [ '0.5.1' ],
207 silly audit   'string.prototype.includes': [ '2.0.1' ],
207 silly audit   'string.prototype.matchall': [ '4.0.12' ],
207 silly audit   'string.prototype.repeat': [ '1.0.0' ],
207 silly audit   'string.prototype.trim': [ '1.2.10' ],
207 silly audit   'string.prototype.trimend': [ '1.0.9' ],
207 silly audit   'string.prototype.trimstart': [ '1.0.8' ],
207 silly audit   'stringify-object': [ '5.0.0' ],
207 silly audit   'strip-bom': [ '3.0.0' ],
207 silly audit   'strip-json-comments': [ '3.1.1' ],
207 silly audit   'styled-jsx': [ '5.1.6' ],
207 silly audit   'supports-color': [ '7.2.0' ],
207 silly audit   'supports-preserve-symlinks-flag': [ '1.0.0' ],
207 silly audit   'tagged-tag': [ '1.0.0' ],
207 silly audit   'tailwind-merge': [ '3.5.0' ],
207 silly audit   tailwindcss: [ '4.2.1' ],
207 silly audit   tapable: [ '2.3.0' ],
207 silly audit   'tiny-invariant': [ '1.3.3' ],
207 silly audit   tinyexec: [ '1.0.2' ],
207 silly audit   tinyglobby: [ '0.2.15' ],
207 silly audit   tldts: [ '7.0.23' ],
207 silly audit   'tldts-core': [ '7.0.23' ],
207 silly audit   'to-regex-range': [ '5.0.1' ],
207 silly audit   toidentifier: [ '1.0.1' ],
207 silly audit   'tough-cookie': [ '6.0.0' ],
207 silly audit   'ts-api-utils': [ '2.4.0' ],
207 silly audit   'ts-morph': [ '26.0.0' ],
207 silly audit   tslib: [ '2.8.1' ],
207 silly audit   'tw-animate-css': [ '1.4.0' ],
207 silly audit   'type-check': [ '0.4.0' ],
207 silly audit   'type-fest': [ '5.4.4' ],
207 silly audit   'type-is': [ '2.0.1' ],
207 silly audit   'typed-array-buffer': [ '1.0.3' ],
207 silly audit   'typed-array-byte-length': [ '1.0.3' ],
207 silly audit   'typed-array-byte-offset': [ '1.0.4' ],
207 silly audit   'typed-array-length': [ '1.0.7' ],
207 silly audit   typescript: [ '5.9.3' ],
207 silly audit   'typescript-eslint': [ '8.56.1' ],
207 silly audit   'unbox-primitive': [ '1.1.0' ],
207 silly audit   'undici-types': [ '6.21.0' ],
207 silly audit   'unicorn-magic': [ '0.3.0' ],
207 silly audit   universalify: [ '2.0.1' ],
207 silly audit   unpipe: [ '1.0.0' ],
207 silly audit   'unrs-resolver': [ '1.11.1' ],
207 silly audit   'until-async': [ '3.0.2' ],
207 silly audit   'update-browserslist-db': [ '1.2.3' ],
207 silly audit   'uri-js': [ '4.4.1' ],
207 silly audit   'use-callback-ref': [ '1.3.3' ],
207 silly audit   'use-sidecar': [ '1.1.3' ],
207 silly audit   'use-sync-external-store': [ '1.6.0' ],
207 silly audit   'util-deprecate': [ '1.0.2' ],
207 silly audit   'validate-npm-package-name': [ '7.0.2' ],
207 silly audit   vary: [ '1.1.2' ],
207 silly audit   'web-streams-polyfill': [ '3.3.3' ],
207 silly audit   'which-boxed-primitive': [ '1.1.1' ],
207 silly audit   'which-builtin-type': [ '1.2.1' ],
207 silly audit   'which-collection': [ '1.0.2' ],
207 silly audit   'which-typed-array': [ '1.1.20' ],
207 silly audit   'word-wrap': [ '1.2.5' ],
207 silly audit   wrappy: [ '1.0.2' ],
207 silly audit   'wsl-utils': [ '0.3.1' ],
207 silly audit   y18n: [ '5.0.8' ],
207 silly audit   yallist: [ '3.1.1' ],
207 silly audit   yargs: [ '17.7.2' ],
207 silly audit   'yargs-parser': [ '21.1.1' ],
207 silly audit   'yocto-queue': [ '0.1.0' ],
207 silly audit   yoctocolors: [ '2.1.2' ],
207 silly audit   'yoctocolors-cjs': [ '2.1.3' ],
207 silly audit   'zod-to-json-schema': [ '3.25.1' ],
207 silly audit   'zod-validation-error': [ '4.0.2' ],
207 silly audit   recharts: [ '3.7.0' ],
207 silly audit   '@reduxjs/toolkit': [ '2.11.2' ],
207 silly audit   'decimal.js-light': [ '2.5.1' ],
207 silly audit   'es-toolkit': [ '1.44.0' ],
207 silly audit   eventemitter3: [ '5.0.4' ],
207 silly audit   immer: [ '10.2.0', '11.1.4' ],
207 silly audit   'react-redux': [ '9.2.0' ],
207 silly audit   reselect: [ '5.1.1' ],
207 silly audit   'victory-vendor': [ '37.3.6' ],
207 silly audit   '@standard-schema/spec': [ '1.1.0' ],
207 silly audit   '@standard-schema/utils': [ '0.3.0' ],
207 silly audit   redux: [ '5.0.1' ],
207 silly audit   'redux-thunk': [ '3.1.0' ],
207 silly audit   '@types/use-sync-external-store': [ '0.0.6' ],
207 silly audit   '@types/d3-array': [ '3.2.2' ],
207 silly audit   '@types/d3-ease': [ '3.0.2' ],
207 silly audit   '@types/d3-interpolate': [ '3.0.4' ],
207 silly audit   '@types/d3-scale': [ '4.0.9' ],
207 silly audit   '@types/d3-shape': [ '3.1.8' ],
207 silly audit   '@types/d3-time': [ '3.0.4' ],
207 silly audit   '@types/d3-timer': [ '3.0.2' ],
207 silly audit   'd3-array': [ '3.2.4' ],
207 silly audit   'd3-ease': [ '3.0.1' ],
207 silly audit   'd3-interpolate': [ '3.0.1' ],
207 silly audit   'd3-scale': [ '4.0.2' ],
207 silly audit   'd3-shape': [ '3.2.0' ],
207 silly audit   'd3-time': [ '3.1.0' ],
207 silly audit   'd3-timer': [ '3.0.1' ],
207 silly audit   '@types/d3-color': [ '3.1.3' ],
207 silly audit   '@types/d3-path': [ '3.1.1' ],
207 silly audit   internmap: [ '2.0.3' ],
207 silly audit   'd3-color': [ '3.1.0' ],
207 silly audit   'd3-format': [ '3.1.2' ],
207 silly audit   'd3-time-format': [ '4.1.0' ],
207 silly audit   'd3-path': [ '3.1.0' ]
207 silly audit }
208 http cache d3-path@https://registry.npmjs.org/d3-path/-/d3-path-3.1.0.tgz 0ms (cache hit)
209 http cache d3-time-format@https://registry.npmjs.org/d3-time-format/-/d3-time-format-4.1.0.tgz 0ms (cache hit)
210 http cache d3-format@https://registry.npmjs.org/d3-format/-/d3-format-3.1.2.tgz 0ms (cache hit)
211 http cache d3-color@https://registry.npmjs.org/d3-color/-/d3-color-3.1.0.tgz 0ms (cache hit)
212 http cache @types/d3-path@https://registry.npmjs.org/@types/d3-path/-/d3-path-3.1.1.tgz 0ms (cache hit)
213 http cache @types/d3-color@https://registry.npmjs.org/@types/d3-color/-/d3-color-3.1.3.tgz 0ms (cache hit)
214 http cache d3-timer@https://registry.npmjs.org/d3-timer/-/d3-timer-3.0.1.tgz 0ms (cache hit)
215 http cache d3-time@https://registry.npmjs.org/d3-time/-/d3-time-3.1.0.tgz 0ms (cache hit)
216 http cache internmap@https://registry.npmjs.org/internmap/-/internmap-2.0.3.tgz 0ms (cache hit)
217 http cache d3-scale@https://registry.npmjs.org/d3-scale/-/d3-scale-4.0.2.tgz 0ms (cache hit)
218 http cache d3-interpolate@https://registry.npmjs.org/d3-interpolate/-/d3-interpolate-3.0.1.tgz 0ms (cache hit)
219 http cache d3-ease@https://registry.npmjs.org/d3-ease/-/d3-ease-3.0.1.tgz 0ms (cache hit)
220 http cache d3-array@https://registry.npmjs.org/d3-array/-/d3-array-3.2.4.tgz 0ms (cache hit)
221 http cache @types/d3-timer@https://registry.npmjs.org/@types/d3-timer/-/d3-timer-3.0.2.tgz 0ms (cache hit)
222 http cache @types/d3-time@https://registry.npmjs.org/@types/d3-time/-/d3-time-3.0.4.tgz 0ms (cache hit)
223 http cache @types/d3-shape@https://registry.npmjs.org/@types/d3-shape/-/d3-shape-3.1.8.tgz 0ms (cache hit)
224 http cache @types/d3-scale@https://registry.npmjs.org/@types/d3-scale/-/d3-scale-4.0.9.tgz 0ms (cache hit)
225 http cache @types/d3-ease@https://registry.npmjs.org/@types/d3-ease/-/d3-ease-3.0.2.tgz 0ms (cache hit)
226 http cache @types/d3-interpolate@https://registry.npmjs.org/@types/d3-interpolate/-/d3-interpolate-3.0.4.tgz 0ms (cache hit)
227 http cache @types/d3-array@https://registry.npmjs.org/@types/d3-array/-/d3-array-3.2.2.tgz 0ms (cache hit)
228 http cache @types/use-sync-external-store@https://registry.npmjs.org/@types/use-sync-external-store/-/use-sync-external-store-0.0.6.tgz 0ms (cache hit)
229 http cache redux-thunk@https://registry.npmjs.org/redux-thunk/-/redux-thunk-3.1.0.tgz 0ms (cache hit)
230 http cache redux@https://registry.npmjs.org/redux/-/redux-5.0.1.tgz 0ms (cache hit)
231 http cache @standard-schema/utils@https://registry.npmjs.org/@standard-schema/utils/-/utils-0.3.0.tgz 0ms (cache hit)
232 http cache @standard-schema/spec@https://registry.npmjs.org/@standard-schema/spec/-/spec-1.1.0.tgz 0ms (cache hit)
233 http cache victory-vendor@https://registry.npmjs.org/victory-vendor/-/victory-vendor-37.3.6.tgz 0ms (cache hit)
234 http cache react-redux@https://registry.npmjs.org/react-redux/-/react-redux-9.2.0.tgz 0ms (cache hit)
235 http cache reselect@https://registry.npmjs.org/reselect/-/reselect-5.1.1.tgz 0ms (cache hit)
236 http cache immer@https://registry.npmjs.org/immer/-/immer-10.2.0.tgz 0ms (cache hit)
237 http cache es-toolkit@https://registry.npmjs.org/es-toolkit/-/es-toolkit-1.44.0.tgz 0ms (cache hit)
238 http cache decimal.js-light@https://registry.npmjs.org/decimal.js-light/-/decimal.js-light-2.5.1.tgz 0ms (cache hit)
239 http cache @reduxjs/toolkit@https://registry.npmjs.org/@reduxjs/toolkit/-/toolkit-2.11.2.tgz 0ms (cache hit)
240 http cache recharts@https://registry.npmjs.org/recharts/-/recharts-3.7.0.tgz 0ms (cache hit)
241 http cache d3-shape@https://registry.npmjs.org/d3-shape/-/d3-shape-3.2.0.tgz 0ms (cache hit)
242 http cache immer@https://registry.npmjs.org/immer/-/immer-11.1.4.tgz 0ms (cache hit)
243 silly tarball no local data for d3-path@https://registry.npmjs.org/d3-path/-/d3-path-3.1.0.tgz. Extracting by manifest.
244 http cache eventemitter3@https://registry.npmjs.org/eventemitter3/-/eventemitter3-5.0.4.tgz 0ms (cache hit)
245 silly tarball no local data for d3-time-format@https://registry.npmjs.org/d3-time-format/-/d3-time-format-4.1.0.tgz. Extracting by manifest.
246 silly tarball no local data for d3-format@https://registry.npmjs.org/d3-format/-/d3-format-3.1.2.tgz. Extracting by manifest.
247 silly tarball no local data for d3-color@https://registry.npmjs.org/d3-color/-/d3-color-3.1.0.tgz. Extracting by manifest.
248 silly tarball no local data for @types/d3-path@https://registry.npmjs.org/@types/d3-path/-/d3-path-3.1.1.tgz. Extracting by manifest.
249 silly tarball no local data for @types/d3-color@https://registry.npmjs.org/@types/d3-color/-/d3-color-3.1.3.tgz. Extracting by manifest.
250 silly tarball no local data for d3-timer@https://registry.npmjs.org/d3-timer/-/d3-timer-3.0.1.tgz. Extracting by manifest.
251 silly tarball no local data for d3-time@https://registry.npmjs.org/d3-time/-/d3-time-3.1.0.tgz. Extracting by manifest.
252 silly tarball no local data for internmap@https://registry.npmjs.org/internmap/-/internmap-2.0.3.tgz. Extracting by manifest.
253 silly tarball no local data for d3-scale@https://registry.npmjs.org/d3-scale/-/d3-scale-4.0.2.tgz. Extracting by manifest.
254 silly tarball no local data for d3-interpolate@https://registry.npmjs.org/d3-interpolate/-/d3-interpolate-3.0.1.tgz. Extracting by manifest.
255 silly tarball no local data for d3-ease@https://registry.npmjs.org/d3-ease/-/d3-ease-3.0.1.tgz. Extracting by manifest.
256 silly tarball no local data for d3-array@https://registry.npmjs.org/d3-array/-/d3-array-3.2.4.tgz. Extracting by manifest.
257 silly tarball no local data for @types/d3-timer@https://registry.npmjs.org/@types/d3-timer/-/d3-timer-3.0.2.tgz. Extracting by manifest.
258 silly tarball no local data for @types/d3-time@https://registry.npmjs.org/@types/d3-time/-/d3-time-3.0.4.tgz. Extracting by manifest.
259 silly tarball no local data for @types/d3-shape@https://registry.npmjs.org/@types/d3-shape/-/d3-shape-3.1.8.tgz. Extracting by manifest.
260 silly tarball no local data for @types/d3-scale@https://registry.npmjs.org/@types/d3-scale/-/d3-scale-4.0.9.tgz. Extracting by manifest.
261 silly tarball no local data for @types/d3-ease@https://registry.npmjs.org/@types/d3-ease/-/d3-ease-3.0.2.tgz. Extracting by manifest.
262 silly tarball no local data for @types/d3-interpolate@https://registry.npmjs.org/@types/d3-interpolate/-/d3-interpolate-3.0.4.tgz. Extracting by manifest.
263 silly tarball no local data for @types/d3-array@https://registry.npmjs.org/@types/d3-array/-/d3-array-3.2.2.tgz. Extracting by manifest.
264 silly tarball no local data for @types/use-sync-external-store@https://registry.npmjs.org/@types/use-sync-external-store/-/use-sync-external-store-0.0.6.tgz. Extracting by manifest.
265 silly tarball no local data for redux-thunk@https://registry.npmjs.org/redux-thunk/-/redux-thunk-3.1.0.tgz. Extracting by manifest.
266 silly tarball no local data for redux@https://registry.npmjs.org/redux/-/redux-5.0.1.tgz. Extracting by manifest.
267 silly tarball no local data for @standard-schema/utils@https://registry.npmjs.org/@standard-schema/utils/-/utils-0.3.0.tgz. Extracting by manifest.
268 silly tarball no local data for @standard-schema/spec@https://registry.npmjs.org/@standard-schema/spec/-/spec-1.1.0.tgz. Extracting by manifest.
269 silly tarball no local data for victory-vendor@https://registry.npmjs.org/victory-vendor/-/victory-vendor-37.3.6.tgz. Extracting by manifest.
270 silly tarball no local data for react-redux@https://registry.npmjs.org/react-redux/-/react-redux-9.2.0.tgz. Extracting by manifest.
271 silly tarball no local data for reselect@https://registry.npmjs.org/reselect/-/reselect-5.1.1.tgz. Extracting by manifest.
272 silly tarball no local data for immer@https://registry.npmjs.org/immer/-/immer-10.2.0.tgz. Extracting by manifest.
273 silly tarball no local data for es-toolkit@https://registry.npmjs.org/es-toolkit/-/es-toolkit-1.44.0.tgz. Extracting by manifest.
274 silly tarball no local data for decimal.js-light@https://registry.npmjs.org/decimal.js-light/-/decimal.js-light-2.5.1.tgz. Extracting by manifest.
275 silly tarball no local data for @reduxjs/toolkit@https://registry.npmjs.org/@reduxjs/toolkit/-/toolkit-2.11.2.tgz. Extracting by manifest.
276 silly tarball no local data for recharts@https://registry.npmjs.org/recharts/-/recharts-3.7.0.tgz. Extracting by manifest.
277 silly tarball no local data for d3-shape@https://registry.npmjs.org/d3-shape/-/d3-shape-3.2.0.tgz. Extracting by manifest.
278 silly tarball no local data for immer@https://registry.npmjs.org/immer/-/immer-11.1.4.tgz. Extracting by manifest.
279 silly tarball no local data for eventemitter3@https://registry.npmjs.org/eventemitter3/-/eventemitter3-5.0.4.tgz. Extracting by manifest.
280 http fetch GET 200 https://registry.npmjs.org/d3-path/-/d3-path-3.1.0.tgz 36ms (cache miss)
281 http fetch GET 200 https://registry.npmjs.org/d3-timer/-/d3-timer-3.0.1.tgz 35ms (cache miss)
282 http fetch GET 200 https://registry.npmjs.org/d3-color/-/d3-color-3.1.0.tgz 37ms (cache miss)
283 http fetch GET 200 https://registry.npmjs.org/@types/d3-path/-/d3-path-3.1.1.tgz 40ms (cache miss)
284 http fetch GET 200 https://registry.npmjs.org/d3-time/-/d3-time-3.1.0.tgz 43ms (cache miss)
285 http fetch GET 200 https://registry.npmjs.org/d3-time-format/-/d3-time-format-4.1.0.tgz 46ms (cache miss)
286 http fetch GET 200 https://registry.npmjs.org/d3-format/-/d3-format-3.1.2.tgz 49ms (cache miss)
287 http fetch GET 200 https://registry.npmjs.org/@types/d3-color/-/d3-color-3.1.3.tgz 48ms (cache miss)
288 http fetch GET 200 https://registry.npmjs.org/@types/d3-time/-/d3-time-3.0.4.tgz 64ms (cache miss)
289 http fetch GET 200 https://registry.npmjs.org/@types/d3-ease/-/d3-ease-3.0.2.tgz 67ms (cache miss)
290 http fetch GET 200 https://registry.npmjs.org/@types/d3-scale/-/d3-scale-4.0.9.tgz 67ms (cache miss)
291 http fetch GET 200 https://registry.npmjs.org/@types/d3-shape/-/d3-shape-3.1.8.tgz 71ms (cache miss)
292 http fetch GET 200 https://registry.npmjs.org/@types/d3-interpolate/-/d3-interpolate-3.0.4.tgz 74ms (cache miss)
293 http fetch GET 200 https://registry.npmjs.org/@types/use-sync-external-store/-/use-sync-external-store-0.0.6.tgz 76ms (cache miss)
294 http fetch GET 200 https://registry.npmjs.org/redux-thunk/-/redux-thunk-3.1.0.tgz 80ms (cache miss)
295 http fetch GET 200 https://registry.npmjs.org/@types/d3-array/-/d3-array-3.2.2.tgz 93ms (cache miss)
296 http fetch GET 200 https://registry.npmjs.org/redux/-/redux-5.0.1.tgz 99ms (cache miss)
297 http fetch GET 200 https://registry.npmjs.org/@standard-schema/utils/-/utils-0.3.0.tgz 109ms (cache miss)
298 http fetch GET 200 https://registry.npmjs.org/@standard-schema/spec/-/spec-1.1.0.tgz 117ms (cache miss)
299 http fetch GET 200 https://registry.npmjs.org/internmap/-/internmap-2.0.3.tgz 118ms (cache miss)
300 http fetch GET 200 https://registry.npmjs.org/decimal.js-light/-/decimal.js-light-2.5.1.tgz 126ms (cache miss)
301 http fetch GET 200 https://registry.npmjs.org/reselect/-/reselect-5.1.1.tgz 130ms (cache miss)
302 http fetch GET 200 https://registry.npmjs.org/react-redux/-/react-redux-9.2.0.tgz 131ms (cache miss)
303 http fetch GET 200 https://registry.npmjs.org/d3-interpolate/-/d3-interpolate-3.0.1.tgz 147ms (cache miss)
304 http fetch GET 200 https://registry.npmjs.org/d3-ease/-/d3-ease-3.0.1.tgz 147ms (cache miss)
305 http fetch GET 200 https://registry.npmjs.org/immer/-/immer-10.2.0.tgz 146ms (cache miss)
306 http fetch GET 200 https://registry.npmjs.org/d3-scale/-/d3-scale-4.0.2.tgz 152ms (cache miss)
307 http fetch GET 200 https://registry.npmjs.org/@types/d3-timer/-/d3-timer-3.0.2.tgz 176ms (cache miss)
308 http fetch GET 200 https://registry.npmjs.org/eventemitter3/-/eventemitter3-5.0.4.tgz 207ms (cache miss)
309 http fetch POST 200 https://registry.npmjs.org/-/npm/v1/security/advisories/bulk 223ms
310 silly audit report {}
311 http fetch GET 200 https://registry.npmjs.org/immer/-/immer-11.1.4.tgz 223ms (cache miss)
312 http fetch GET 200 https://registry.npmjs.org/d3-array/-/d3-array-3.2.4.tgz 241ms (cache miss)
313 http fetch GET 200 https://registry.npmjs.org/d3-shape/-/d3-shape-3.2.0.tgz 240ms (cache miss)
314 http fetch GET 200 https://registry.npmjs.org/victory-vendor/-/victory-vendor-37.3.6.tgz 266ms (cache miss)
315 http fetch GET 200 https://registry.npmjs.org/@reduxjs/toolkit/-/toolkit-2.11.2.tgz 345ms (cache miss)
316 http fetch GET 200 https://registry.npmjs.org/recharts/-/recharts-3.7.0.tgz 416ms (cache miss)
317 http fetch GET 200 https://registry.npmjs.org/es-toolkit/-/es-toolkit-1.44.0.tgz 605ms (cache miss)
318 silly ADD node_modules/d3-path
319 silly ADD node_modules/d3-time-format
320 silly ADD node_modules/d3-format
321 silly ADD node_modules/d3-color
322 silly ADD node_modules/internmap
323 silly ADD node_modules/@types/d3-path
324 silly ADD node_modules/@types/d3-color
325 silly ADD node_modules/d3-timer
326 silly ADD node_modules/d3-time
327 silly ADD node_modules/d3-shape
328 silly ADD node_modules/d3-scale
329 silly ADD node_modules/d3-interpolate
330 silly ADD node_modules/d3-ease
331 silly ADD node_modules/d3-array
332 silly ADD node_modules/@types/d3-timer
333 silly ADD node_modules/@types/d3-time
334 silly ADD node_modules/@types/d3-shape
335 silly ADD node_modules/@types/d3-scale
336 silly ADD node_modules/@types/d3-interpolate
337 silly ADD node_modules/@types/d3-ease
338 silly ADD node_modules/@types/d3-array
339 silly ADD node_modules/@types/use-sync-external-store
340 silly ADD node_modules/redux-thunk
341 silly ADD node_modules/redux
342 silly ADD node_modules/@standard-schema/utils
343 silly ADD node_modules/@standard-schema/spec
344 silly ADD node_modules/victory-vendor
345 silly ADD node_modules/reselect
346 silly ADD node_modules/react-redux
347 silly ADD node_modules/immer
348 silly ADD node_modules/eventemitter3
349 silly ADD node_modules/es-toolkit
350 silly ADD node_modules/decimal.js-light
351 silly ADD node_modules/@reduxjs/toolkit
352 silly ADD node_modules/@reduxjs/toolkit/node_modules/immer
353 silly ADD node_modules/recharts
354 verbose cwd /Users/amaury/Desktop/simplon-manage-api/simplon-manage-api/frontend
355 verbose os Darwin 25.3.0
356 verbose node v22.18.0
357 verbose npm  v11.6.4
358 verbose exit 0
359 info ok
